Arguments: 
  C:\Program Files\nodejs\node.exe C:\Users\asket\AppData\Roaming\npm\node_modules\yarn\bin\yarn.js add @types/node typescript @commitlint/config-conventional @commitlint/cli husky prettier vitest tsx -D

PATH: 
  C:\Python311\Scripts\;C:\Python311\;C:\Windows\system32;C:\Windows;C:\Windows\System32\Wbem;C:\Windows\System32\WindowsPowerShell\v1.0\;C:\Windows\System32\OpenSSH\;C:\Program Files\Git\cmd;C:\Program Files\Docker\Docker\resources\bin;C:\ProgramData\DockerDesktop\version-bin;C:\Program Files\nodejs\;C:\ProgramData\chocolatey\bin;C:\Users\asket\AppData\Local\Microsoft\WindowsApps;C:\Users\asket\AppData\Local\Programs\Microsoft VS Code\bin;C:\Users\asket\AppData\Roaming\npm;C:\src\flutter\bin;C:\Users\asket\AppData\Local\GitHubDesktop\bin

Yarn version: 
  1.22.19

Node version: 
  16.17.0

Platform: 
  win32 x64

Trace: 
  Error: getaddrinfo ENOENT registry.yarnpkg.com
      at GetAddrInfoReqWrap.onlookup [as oncomplete] (node:dns:109:26)

npm manifest: 
  {
    "name": "app-model",
    "version": "1.0.0",
    "main": "index.js",
    "author": "asket system",
    "license": "MIT",
    "dependencies": {
      "@fastify/swagger": "^8.3.0",
      "@fastify/type-provider-json-schema-to-ts": "^2.2.2",
      "@sinclair/typebox": "^0.25.21",
      "@typegoose/typegoose": "^10.0.0",
      "env-schema": "^5.2.0",
      "fastify": "^4.12.0",
      "mongoose": "^6.8.4",
      "nanoid": "3.3.4"
    }
  }

yarn manifest: 
  No manifest

Lockfile: 
  # THIS IS AN AUTOGENERATED FILE. DO NOT EDIT THIS FILE DIRECTLY.
  # yarn lockfile v1
  
  
  "@aws-crypto/ie11-detection@^3.0.0":
    version "3.0.0"
    resolved "https://registry.yarnpkg.com/@aws-crypto/ie11-detection/-/ie11-detection-3.0.0.tgz#640ae66b4ec3395cee6a8e94ebcd9f80c24cd688"
    integrity sha512-341lBBkiY1DfDNKai/wXM3aujNBkXR7tq1URPQDL9wi3AUbI80NR74uF1TXHMm7po1AcnFk8iu2S2IeU/+/A+Q==
    dependencies:
      tslib "^1.11.1"
  
  "@aws-crypto/sha256-browser@3.0.0":
    version "3.0.0"
    resolved "https://registry.yarnpkg.com/@aws-crypto/sha256-browser/-/sha256-browser-3.0.0.tgz#05f160138ab893f1c6ba5be57cfd108f05827766"
    integrity sha512-8VLmW2B+gjFbU5uMeqtQM6Nj0/F1bro80xQXCW6CQBWgosFWXTx77aeOF5CAIAmbOK64SdMBJdNr6J41yP5mvQ==
    dependencies:
      "@aws-crypto/ie11-detection" "^3.0.0"
      "@aws-crypto/sha256-js" "^3.0.0"
      "@aws-crypto/supports-web-crypto" "^3.0.0"
      "@aws-crypto/util" "^3.0.0"
      "@aws-sdk/types" "^3.222.0"
      "@aws-sdk/util-locate-window" "^3.0.0"
      "@aws-sdk/util-utf8-browser" "^3.0.0"
      tslib "^1.11.1"
  
  "@aws-crypto/sha256-js@3.0.0", "@aws-crypto/sha256-js@^3.0.0":
    version "3.0.0"
    resolved "https://registry.yarnpkg.com/@aws-crypto/sha256-js/-/sha256-js-3.0.0.tgz#f06b84d550d25521e60d2a0e2a90139341e007c2"
    integrity sha512-PnNN7os0+yd1XvXAy23CFOmTbMaDxgxXtTKHybrJ39Y8kGzBATgBFibWJKH6BhytLI/Zyszs87xCOBNyBig6vQ==
    dependencies:
      "@aws-crypto/util" "^3.0.0"
      "@aws-sdk/types" "^3.222.0"
      tslib "^1.11.1"
  
  "@aws-crypto/supports-web-crypto@^3.0.0":
    version "3.0.0"
    resolved "https://registry.yarnpkg.com/@aws-crypto/supports-web-crypto/-/supports-web-crypto-3.0.0.tgz#5d1bf825afa8072af2717c3e455f35cda0103ec2"
    integrity sha512-06hBdMwUAb2WFTuGG73LSC0wfPu93xWwo5vL2et9eymgmu3Id5vFAHBbajVWiGhPO37qcsdCap/FqXvJGJWPIg==
    dependencies:
      tslib "^1.11.1"
  
  "@aws-crypto/util@^3.0.0":
    version "3.0.0"
    resolved "https://registry.yarnpkg.com/@aws-crypto/util/-/util-3.0.0.tgz#1c7ca90c29293f0883468ad48117937f0fe5bfb0"
    integrity sha512-2OJlpeJpCR48CC8r+uKVChzs9Iungj9wkZrl8Z041DWEWvyIHILYKCPNzJghKsivj+S3mLo6BVc7mBNzdxA46w==
    dependencies:
      "@aws-sdk/types" "^3.222.0"
      "@aws-sdk/util-utf8-browser" "^3.0.0"
      tslib "^1.11.1"
  
  "@aws-sdk/abort-controller@3.254.0":
    version "3.254.0"
    resolved "https://registry.yarnpkg.com/@aws-sdk/abort-controller/-/abort-controller-3.254.0.tgz#62dfcbb2e58831b3fb26833227806ee06698f3f6"
    integrity sha512-ZBJFCCU7mIXGLk5GFXrSReyUR/kOBju0kzd7nVAAQQlfkmHZEuFhKFFMXkfJZG0SC0ezCbmR/EzIqJ2mTI+pRA==
    dependencies:
      "@aws-sdk/types" "3.254.0"
      tslib "^2.3.1"
  
  "@aws-sdk/client-cognito-identity@3.254.0":
    version "3.254.0"
    resolved "https://registry.yarnpkg.com/@aws-sdk/client-cognito-identity/-/client-cognito-identity-3.254.0.tgz#23c89fb120f708283c33008ec117e971cacc619e"
    integrity sha512-FZlTQqgY7v3A2SPq0wR+W1ApJ5hSB0qYezDfaDofpdZbHFKLKyQQr14n5PBrT57/I9Wo75rrgPLENhAqOu3TfQ==
    dependencies:
      "@aws-crypto/sha256-browser" "3.0.0"
      "@aws-crypto/sha256-js" "3.0.0"
      "@aws-sdk/client-sts" "3.254.0"
      "@aws-sdk/config-resolver" "3.254.0"
      "@aws-sdk/credential-provider-node" "3.254.0"
      "@aws-sdk/fetch-http-handler" "3.254.0"
      "@aws-sdk/hash-node" "3.254.0"
      "@aws-sdk/invalid-dependency" "3.254.0"
      "@aws-sdk/middleware-content-length" "3.254.0"
      "@aws-sdk/middleware-endpoint" "3.254.0"
      "@aws-sdk/middleware-host-header" "3.254.0"
      "@aws-sdk/middleware-logger" "3.254.0"
      "@aws-sdk/middleware-recursion-detection" "3.254.0"
      "@aws-sdk/middleware-retry" "3.254.0"
      "@aws-sdk/middleware-serde" "3.254.0"
      "@aws-sdk/middleware-signing" "3.254.0"
      "@aws-sdk/middleware-stack" "3.254.0"
      "@aws-sdk/middleware-user-agent" "3.254.0"
      "@aws-sdk/node-config-provider" "3.254.0"
      "@aws-sdk/node-http-handler" "3.254.0"
      "@aws-sdk/protocol-http" "3.254.0"
      "@aws-sdk/smithy-client" "3.254.0"
      "@aws-sdk/types" "3.254.0"
      "@aws-sdk/url-parser" "3.254.0"
      "@aws-sdk/util-base64" "3.208.0"
      "@aws-sdk/util-body-length-browser" "3.188.0"
      "@aws-sdk/util-body-length-node" "3.208.0"
      "@aws-sdk/util-defaults-mode-browser" "3.254.0"
      "@aws-sdk/util-defaults-mode-node" "3.254.0"
      "@aws-sdk/util-endpoints" "3.254.0"
      "@aws-sdk/util-retry" "3.254.0"
      "@aws-sdk/util-user-agent-browser" "3.254.0"
      "@aws-sdk/util-user-agent-node" "3.254.0"
      "@aws-sdk/util-utf8-browser" "3.188.0"
      "@aws-sdk/util-utf8-node" "3.208.0"
      tslib "^2.3.1"
  
  "@aws-sdk/client-sso-oidc@3.254.0":
    version "3.254.0"
    resolved "https://registry.yarnpkg.com/@aws-sdk/client-sso-oidc/-/client-sso-oidc-3.254.0.tgz#b613092782c74c883db2b3362a56122294b80098"
    integrity sha512-KRF/hBysJgrZpjRgg47Fa7YzC10Ypqf/FSeesJkN6l2lULosO+o0N+RD4t5LLWXrD10c9by6m1ueC6077z0fGQ==
    dependencies:
      "@aws-crypto/sha256-browser" "3.0.0"
      "@aws-crypto/sha256-js" "3.0.0"
      "@aws-sdk/config-resolver" "3.254.0"
      "@aws-sdk/fetch-http-handler" "3.254.0"
      "@aws-sdk/hash-node" "3.254.0"
      "@aws-sdk/invalid-dependency" "3.254.0"
      "@aws-sdk/middleware-content-length" "3.254.0"
      "@aws-sdk/middleware-endpoint" "3.254.0"
      "@aws-sdk/middleware-host-header" "3.254.0"
      "@aws-sdk/middleware-logger" "3.254.0"
      "@aws-sdk/middleware-recursion-detection" "3.254.0"
      "@aws-sdk/middleware-retry" "3.254.0"
      "@aws-sdk/middleware-serde" "3.254.0"
      "@aws-sdk/middleware-stack" "3.254.0"
      "@aws-sdk/middleware-user-agent" "3.254.0"
      "@aws-sdk/node-config-provider" "3.254.0"
      "@aws-sdk/node-http-handler" "3.254.0"
      "@aws-sdk/protocol-http" "3.254.0"
      "@aws-sdk/smithy-client" "3.254.0"
      "@aws-sdk/types" "3.254.0"
      "@aws-sdk/url-parser" "3.254.0"
      "@aws-sdk/util-base64" "3.208.0"
      "@aws-sdk/util-body-length-browser" "3.188.0"
      "@aws-sdk/util-body-length-node" "3.208.0"
      "@aws-sdk/util-defaults-mode-browser" "3.254.0"
      "@aws-sdk/util-defaults-mode-node" "3.254.0"
      "@aws-sdk/util-endpoints" "3.254.0"
      "@aws-sdk/util-retry" "3.254.0"
      "@aws-sdk/util-user-agent-browser" "3.254.0"
      "@aws-sdk/util-user-agent-node" "3.254.0"
      "@aws-sdk/util-utf8-browser" "3.188.0"
      "@aws-sdk/util-utf8-node" "3.208.0"
      tslib "^2.3.1"
  
  "@aws-sdk/client-sso@3.254.0":
    version "3.254.0"
    resolved "https://registry.yarnpkg.com/@aws-sdk/client-sso/-/client-sso-3.254.0.tgz#4db2a7558411274f4402183883116b5a17d70ea0"
    integrity sha512-Ih80wJpGHa4nwxtTQvmSTT1UXQeHweYk+A6y779H1dtczr8h9Y2lXZa0C0TGcd1LEpL0nYHw0kJE3ZBw1/0nhw==
    dependencies:
      "@aws-crypto/sha256-browser" "3.0.0"
      "@aws-crypto/sha256-js" "3.0.0"
      "@aws-sdk/config-resolver" "3.254.0"
      "@aws-sdk/fetch-http-handler" "3.254.0"
      "@aws-sdk/hash-node" "3.254.0"
      "@aws-sdk/invalid-dependency" "3.254.0"
      "@aws-sdk/middleware-content-length" "3.254.0"
      "@aws-sdk/middleware-endpoint" "3.254.0"
      "@aws-sdk/middleware-host-header" "3.254.0"
      "@aws-sdk/middleware-logger" "3.254.0"
      "@aws-sdk/middleware-recursion-detection" "3.254.0"
      "@aws-sdk/middleware-retry" "3.254.0"
      "@aws-sdk/middleware-serde" "3.254.0"
      "@aws-sdk/middleware-stack" "3.254.0"
      "@aws-sdk/middleware-user-agent" "3.254.0"
      "@aws-sdk/node-config-provider" "3.254.0"
      "@aws-sdk/node-http-handler" "3.254.0"
      "@aws-sdk/protocol-http" "3.254.0"
      "@aws-sdk/smithy-client" "3.254.0"
      "@aws-sdk/types" "3.254.0"
      "@aws-sdk/url-parser" "3.254.0"
      "@aws-sdk/util-base64" "3.208.0"
      "@aws-sdk/util-body-length-browser" "3.188.0"
      "@aws-sdk/util-body-length-node" "3.208.0"
      "@aws-sdk/util-defaults-mode-browser" "3.254.0"
      "@aws-sdk/util-defaults-mode-node" "3.254.0"
      "@aws-sdk/util-endpoints" "3.254.0"
      "@aws-sdk/util-retry" "3.254.0"
      "@aws-sdk/util-user-agent-browser" "3.254.0"
      "@aws-sdk/util-user-agent-node" "3.254.0"
      "@aws-sdk/util-utf8-browser" "3.188.0"
      "@aws-sdk/util-utf8-node" "3.208.0"
      tslib "^2.3.1"
  
  "@aws-sdk/client-sts@3.254.0":
    version "3.254.0"
    resolved "https://registry.yarnpkg.com/@aws-sdk/client-sts/-/client-sts-3.254.0.tgz#3c2e084333b4670913548e13eb49333a48e186a0"
    integrity sha512-up+u5ik1pZ9Vo2MtcMCZ6pNAFhrePbH/IBFSgSsJlCU4AsGxPBsm59CE3/n/e84pFzhwVmFEUdavysIM+aP8LA==
    dependencies:
      "@aws-crypto/sha256-browser" "3.0.0"
      "@aws-crypto/sha256-js" "3.0.0"
      "@aws-sdk/config-resolver" "3.254.0"
      "@aws-sdk/credential-provider-node" "3.254.0"
      "@aws-sdk/fetch-http-handler" "3.254.0"
      "@aws-sdk/hash-node" "3.254.0"
      "@aws-sdk/invalid-dependency" "3.254.0"
      "@aws-sdk/middleware-content-length" "3.254.0"
      "@aws-sdk/middleware-endpoint" "3.254.0"
      "@aws-sdk/middleware-host-header" "3.254.0"
      "@aws-sdk/middleware-logger" "3.254.0"
      "@aws-sdk/middleware-recursion-detection" "3.254.0"
      "@aws-sdk/middleware-retry" "3.254.0"
      "@aws-sdk/middleware-sdk-sts" "3.254.0"
      "@aws-sdk/middleware-serde" "3.254.0"
      "@aws-sdk/middleware-signing" "3.254.0"
      "@aws-sdk/middleware-stack" "3.254.0"
      "@aws-sdk/middleware-user-agent" "3.254.0"
      "@aws-sdk/node-config-provider" "3.254.0"
      "@aws-sdk/node-http-handler" "3.254.0"
      "@aws-sdk/protocol-http" "3.254.0"
      "@aws-sdk/smithy-client" "3.254.0"
      "@aws-sdk/types" "3.254.0"
      "@aws-sdk/url-parser" "3.254.0"
      "@aws-sdk/util-base64" "3.208.0"
      "@aws-sdk/util-body-length-browser" "3.188.0"
      "@aws-sdk/util-body-length-node" "3.208.0"
      "@aws-sdk/util-defaults-mode-browser" "3.254.0"
      "@aws-sdk/util-defaults-mode-node" "3.254.0"
      "@aws-sdk/util-endpoints" "3.254.0"
      "@aws-sdk/util-retry" "3.254.0"
      "@aws-sdk/util-user-agent-browser" "3.254.0"
      "@aws-sdk/util-user-agent-node" "3.254.0"
      "@aws-sdk/util-utf8-browser" "3.188.0"
      "@aws-sdk/util-utf8-node" "3.208.0"
      fast-xml-parser "4.0.11"
      tslib "^2.3.1"
  
  "@aws-sdk/config-resolver@3.254.0":
    version "3.254.0"
    resolved "https://registry.yarnpkg.com/@aws-sdk/config-resolver/-/config-resolver-3.254.0.tgz#82504a1886f90fc1374b77d65187058a04430204"
    integrity sha512-+t5mi/SrZdAbSgg/5b/q3zVZsNQSyty2XX+znaRvBdANtIWIBdFLEMQp/L5NA+PSiW6VUXu9eXcsj0kJlAhTgQ==
    dependencies:
      "@aws-sdk/signature-v4" "3.254.0"
      "@aws-sdk/types" "3.254.0"
      "@aws-sdk/util-config-provider" "3.208.0"
      "@aws-sdk/util-middleware" "3.254.0"
      tslib "^2.3.1"
  
  "@aws-sdk/credential-provider-cognito-identity@3.254.0":
    version "3.254.0"
    resolved "https://registry.yarnpkg.com/@aws-sdk/credential-provider-cognito-identity/-/credential-provider-cognito-identity-3.254.0.tgz#f8493ed1547055d1d054aac5c4e7d1c7120c4284"
    integrity sha512-aZgGDn7lutcLcYp8z6z3PvfoGvrudv5mYj7mf/HDcEiHwpHGu+1t5qUw7VVD4e5yd3OCGJ2Rttohw9EIvXgcmg==
    dependencies:
      "@aws-sdk/client-cognito-identity" "3.254.0"
      "@aws-sdk/property-provider" "3.254.0"
      "@aws-sdk/types" "3.254.0"
      tslib "^2.3.1"
  
  "@aws-sdk/credential-provider-env@3.254.0":
    version "3.254.0"
    resolved "https://registry.yarnpkg.com/@aws-sdk/credential-provider-env/-/credential-provider-env-3.254.0.tgz#8ad17baa3108ed25509db1b994a3a51cb17ff427"
    integrity sha512-2CDwb7L1XGTY7Y8N3EsE1xqas0zNvrs4aOEv5XZNrKqE+9bvs8CiUwV4SB6VwSD+EPcOSm3QYEURUmj5EyLEZQ==
    dependencies:
      "@aws-sdk/property-provider" "3.254.0"
      "@aws-sdk/types" "3.254.0"
      tslib "^2.3.1"
  
  "@aws-sdk/credential-provider-imds@3.254.0":
    version "3.254.0"
    resolved "https://registry.yarnpkg.com/@aws-sdk/credential-provider-imds/-/credential-provider-imds-3.254.0.tgz#876282edc865747b574a537d59c4cf47cf4b37d3"
    integrity sha512-sM3N7FLz+svRGjTgwAybKBmu5tVfCJmd5HPEfKR0jfBWB1uq0u0J+65JiO/wfqn/ix+3ZyFfacSJDFjnSPu/KA==
    dependencies:
      "@aws-sdk/node-config-provider" "3.254.0"
      "@aws-sdk/property-provider" "3.254.0"
      "@aws-sdk/types" "3.254.0"
      "@aws-sdk/url-parser" "3.254.0"
      tslib "^2.3.1"
  
  "@aws-sdk/credential-provider-ini@3.254.0":
    version "3.254.0"
    resolved "https://registry.yarnpkg.com/@aws-sdk/credential-provider-ini/-/credential-provider-ini-3.254.0.tgz#df85dde6262e46c787ca47a7c8b58f583a8e847a"
    integrity sha512-cqzrvuniurfiKmJsOlGyagUUwrZuOnEAxGDL0Olg5Ac3XByAO5AWH/mjy9P7u31j3vxybMz/Uw5kR7lV1q5sXQ==
    dependencies:
      "@aws-sdk/credential-provider-env" "3.254.0"
      "@aws-sdk/credential-provider-imds" "3.254.0"
      "@aws-sdk/credential-provider-process" "3.254.0"
      "@aws-sdk/credential-provider-sso" "3.254.0"
      "@aws-sdk/credential-provider-web-identity" "3.254.0"
      "@aws-sdk/property-provider" "3.254.0"
      "@aws-sdk/shared-ini-file-loader" "3.254.0"
      "@aws-sdk/types" "3.254.0"
      tslib "^2.3.1"
  
  "@aws-sdk/credential-provider-node@3.254.0":
    version "3.254.0"
    resolved "https://registry.yarnpkg.com/@aws-sdk/credential-provider-node/-/credential-provider-node-3.254.0.tgz#273ea110ce5b7e02dbbdd1783226c7577363e04b"
    integrity sha512-jjR/qLn0lwDJmeWwTMwWG2zk5GpjCdKts1Taxd5GFHHSzkH/FZG8Vr8u5yWRtoE/x876n+ItiRfcSrLTTwqkUQ==
    dependencies:
      "@aws-sdk/credential-provider-env" "3.254.0"
      "@aws-sdk/credential-provider-imds" "3.254.0"
      "@aws-sdk/credential-provider-ini" "3.254.0"
      "@aws-sdk/credential-provider-process" "3.254.0"
      "@aws-sdk/credential-provider-sso" "3.254.0"
      "@aws-sdk/credential-provider-web-identity" "3.254.0"
      "@aws-sdk/property-provider" "3.254.0"
      "@aws-sdk/shared-ini-file-loader" "3.254.0"
      "@aws-sdk/types" "3.254.0"
      tslib "^2.3.1"
  
  "@aws-sdk/credential-provider-process@3.254.0":
    version "3.254.0"
    resolved "https://registry.yarnpkg.com/@aws-sdk/credential-provider-process/-/credential-provider-process-3.254.0.tgz#31e6c0c709d47b9a87397698ab942a820dfa5f38"
    integrity sha512-vNm1AHMu5Lg1kOMk4ucWgaNO4zNAD7aeRssdBMnC7WqRT2xB8CUEWi+zJGNjbxzEeTLXQZuMa1VeRT3nPjYrzg==
    dependencies:
      "@aws-sdk/property-provider" "3.254.0"
      "@aws-sdk/shared-ini-file-loader" "3.254.0"
      "@aws-sdk/types" "3.254.0"
      tslib "^2.3.1"
  
  "@aws-sdk/credential-provider-sso@3.254.0":
    version "3.254.0"
    resolved "https://registry.yarnpkg.com/@aws-sdk/credential-provider-sso/-/credential-provider-sso-3.254.0.tgz#4d2b5d5f9d8758321c6872d53a52a4b6d8ec9b88"
    integrity sha512-uFfAQ/sIWreDA79HpJqdL+LkVp/yGkdBrDhjbiXIyeVWy/NmQNKu8l0j+wGazk1r562TJbzZ0Gz6+wTsdUSPgA==
    dependencies:
      "@aws-sdk/client-sso" "3.254.0"
      "@aws-sdk/property-provider" "3.254.0"
      "@aws-sdk/shared-ini-file-loader" "3.254.0"
      "@aws-sdk/token-providers" "3.254.0"
      "@aws-sdk/types" "3.254.0"
      tslib "^2.3.1"
  
  "@aws-sdk/credential-provider-web-identity@3.254.0":
    version "3.254.0"
    resolved "https://registry.yarnpkg.com/@aws-sdk/credential-provider-web-identity/-/credential-provider-web-identity-3.254.0.tgz#17ef2052180c929f1f3807704522bd1931b7c2ab"
    integrity sha512-R/5qjAoCHEe7xmY5j0vges4xKpFpTgrwzdST822JVNWUobZmiDUqnn+1Xw4Qmomst625NOpgzsV4JuHsA4a8Ig==
    dependencies:
      "@aws-sdk/property-provider" "3.254.0"
      "@aws-sdk/types" "3.254.0"
      tslib "^2.3.1"
  
  "@aws-sdk/credential-providers@^3.186.0":
    version "3.254.0"
    resolved "https://registry.yarnpkg.com/@aws-sdk/credential-providers/-/credential-providers-3.254.0.tgz#e80d87370d1ca7accad0d3b07856a700db85a09c"
    integrity sha512-HoBfuSGU7cJ/My1gDLLePLlNjI/bAHQV+Ch8yqkipesfVuiO6aRaB7ipJYZS5OFJffkY9oJkZmGtqmrpfpziMQ==
    dependencies:
      "@aws-sdk/client-cognito-identity" "3.254.0"
      "@aws-sdk/client-sso" "3.254.0"
      "@aws-sdk/client-sts" "3.254.0"
      "@aws-sdk/credential-provider-cognito-identity" "3.254.0"
      "@aws-sdk/credential-provider-env" "3.254.0"
      "@aws-sdk/credential-provider-imds" "3.254.0"
      "@aws-sdk/credential-provider-ini" "3.254.0"
      "@aws-sdk/credential-provider-node" "3.254.0"
      "@aws-sdk/credential-provider-process" "3.254.0"
      "@aws-sdk/credential-provider-sso" "3.254.0"
      "@aws-sdk/credential-provider-web-identity" "3.254.0"
      "@aws-sdk/property-provider" "3.254.0"
      "@aws-sdk/shared-ini-file-loader" "3.254.0"
      "@aws-sdk/types" "3.254.0"
      tslib "^2.3.1"
  
  "@aws-sdk/fetch-http-handler@3.254.0":
    version "3.254.0"
    resolved "https://registry.yarnpkg.com/@aws-sdk/fetch-http-handler/-/fetch-http-handler-3.254.0.tgz#cdc646f48bbfe35ea87ebcc2b5b050e17bbda7a8"
    integrity sha512-/bbtNHe5JHFdKnCVr3Zx55sqs4c0F+7f1CC5cvTgH3O46wgIRM/6/rvE0YieXmfm3ho/GOhxBUzy59A0haKQGg==
    dependencies:
      "@aws-sdk/protocol-http" "3.254.0"
      "@aws-sdk/querystring-builder" "3.254.0"
      "@aws-sdk/types" "3.254.0"
      "@aws-sdk/util-base64" "3.208.0"
      tslib "^2.3.1"
  
  "@aws-sdk/hash-node@3.254.0":
    version "3.254.0"
    resolved "https://registry.yarnpkg.com/@aws-sdk/hash-node/-/hash-node-3.254.0.tgz#b69c9dba780ce86cf24effb3c8416eb16586a502"
    integrity sha512-7FoB6BVbO+Z/NEOHeOAoUTyj8q+Pcdn4QpKvA4epRDrzMNcXy7MUNzzt148nkDssES09rgsN+KM8Zo2qgRYngg==
    dependencies:
      "@aws-sdk/types" "3.254.0"
      "@aws-sdk/util-buffer-from" "3.208.0"
      "@aws-sdk/util-utf8" "3.254.0"
      tslib "^2.3.1"
  
  "@aws-sdk/invalid-dependency@3.254.0":
    version "3.254.0"
    resolved "https://registry.yarnpkg.com/@aws-sdk/invalid-dependency/-/invalid-dependency-3.254.0.tgz#a2df8be8257a2edda41301600a73520f7539540d"
    integrity sha512-ueV0tXyGndCTZXnEv+AMeTfu+IqV2QzmGMXcakiwxDjg48H9X/bLnj+C96Sexond8jD8K0ub9HWhkBrvvAXlPA==
    dependencies:
      "@aws-sdk/types" "3.254.0"
      tslib "^2.3.1"
  
  "@aws-sdk/is-array-buffer@3.201.0":
    version "3.201.0"
    resolved "https://registry.yarnpkg.com/@aws-sdk/is-array-buffer/-/is-array-buffer-3.201.0.tgz#06e557adc284fac2f26071c2944ae01f61b95854"
    integrity sha512-UPez5qLh3dNgt0DYnPD/q0mVJY84rA17QE26hVNOW3fAji8W2wrwrxdacWOxyXvlxWsVRcKmr+lay1MDqpAMfg==
    dependencies:
      tslib "^2.3.1"
  
  "@aws-sdk/middleware-content-length@3.254.0":
    version "3.254.0"
    resolved "https://registry.yarnpkg.com/@aws-sdk/middleware-content-length/-/middleware-content-length-3.254.0.tgz#ecf39dac8b056fb6c32860d65080b9b71d02a72c"
    integrity sha512-IT7nDZA6WsaZSNp9M79xfkk/us4kGV4SIZ2R9gHT9MFqdmpmbr3EGhFLKXUHcAZfCcOdw+JNV/wHJiiN1JD/hg==
    dependencies:
      "@aws-sdk/protocol-http" "3.254.0"
      "@aws-sdk/types" "3.254.0"
      tslib "^2.3.1"
  
  "@aws-sdk/middleware-endpoint@3.254.0":
    version "3.254.0"
    resolved "https://registry.yarnpkg.com/@aws-sdk/middleware-endpoint/-/middleware-endpoint-3.254.0.tgz#9af598ce63a87eed13f84d1a9bfff4da9dd25790"
    integrity sha512-9fkDtSJdhEr91tWp4zLyKhHDGVyvUA0gDK+6wGYyorKCae2qX2TL+Fl6vsqY4PxrdTpXRBJDlJnEly9i48YKxg==
    dependencies:
      "@aws-sdk/middleware-serde" "3.254.0"
      "@aws-sdk/protocol-http" "3.254.0"
      "@aws-sdk/signature-v4" "3.254.0"
      "@aws-sdk/types" "3.254.0"
      "@aws-sdk/url-parser" "3.254.0"
      "@aws-sdk/util-config-provider" "3.208.0"
      "@aws-sdk/util-middleware" "3.254.0"
      tslib "^2.3.1"
  
  "@aws-sdk/middleware-host-header@3.254.0":
    version "3.254.0"
    resolved "https://registry.yarnpkg.com/@aws-sdk/middleware-host-header/-/middleware-host-header-3.254.0.tgz#6cdf432132e546f248f626dc6d955285abee6595"
    integrity sha512-JG+OoyCMivnqTYiPZxRF+sgYEyQG68+PMl2843owvSxQQ25nH2Ih6DzLqH10c/uAN0PsiA8s/FfJBzhw9Xf0KA==
    dependencies:
      "@aws-sdk/protocol-http" "3.254.0"
      "@aws-sdk/types" "3.254.0"
      tslib "^2.3.1"
  
  "@aws-sdk/middleware-logger@3.254.0":
    version "3.254.0"
    resolved "https://registry.yarnpkg.com/@aws-sdk/middleware-logger/-/middleware-logger-3.254.0.tgz#d5ece30ef193da78c71c9abe38ae30b6511000c0"
    integrity sha512-h3jEw58VUJkfqrwWMmp3Qc8293RFo4LMqxNAVsVwYEG6xb/RQ+JamsOx+t6aDsoOdKqhYngWwDGtgUZQ5wQQvg==
    dependencies:
      "@aws-sdk/types" "3.254.0"
      tslib "^2.3.1"
  
  "@aws-sdk/middleware-recursion-detection@3.254.0":
    version "3.254.0"
    resolved "https://registry.yarnpkg.com/@aws-sdk/middleware-recursion-detection/-/middleware-recursion-detection-3.254.0.tgz#605ab3ff47c8ac1fca2d092d570151d7afbe8ae8"
    integrity sha512-/4tTvAXmIIMCs3giPIXN9aVJUGMoBMWw+9WS22u7nYNzwTe/k30DhS91uvwj7TLOOpFN0IBNXPCJ+T1OZn+ZXQ==
    dependencies:
      "@aws-sdk/protocol-http" "3.254.0"
      "@aws-sdk/types" "3.254.0"
      tslib "^2.3.1"
  
  "@aws-sdk/middleware-retry@3.254.0":
    version "3.254.0"
    resolved "https://registry.yarnpkg.com/@aws-sdk/middleware-retry/-/middleware-retry-3.254.0.tgz#0af8f8c06e42879cbc1f23e6d2166d61953c0f2d"
    integrity sha512-nHgris8NmtLzsH5iUA8geW6RAT1VRymjlieKFmM3CAYt2h2X8AtAiL/Wod+Pj3+jjRGk9YeGzOOGbzODHiRxnA==
    dependencies:
      "@aws-sdk/protocol-http" "3.254.0"
      "@aws-sdk/service-error-classification" "3.254.0"
      "@aws-sdk/types" "3.254.0"
      "@aws-sdk/util-middleware" "3.254.0"
      "@aws-sdk/util-retry" "3.254.0"
      tslib "^2.3.1"
      uuid "^8.3.2"
  
  "@aws-sdk/middleware-sdk-sts@3.254.0":
    version "3.254.0"
    resolved "https://registry.yarnpkg.com/@aws-sdk/middleware-sdk-sts/-/middleware-sdk-sts-3.254.0.tgz#5382f65872fe9917ac817273ae6e1ffa6cbcdffa"
    integrity sha512-Y074nmTp07thuOI6GePv8IKdL/OvkO1tn2l7QvnwQa3Sy/HyNai1V3MVtq4hRi1dgDjheKPVHPE+TnOmF3w5uA==
    dependencies:
      "@aws-sdk/middleware-signing" "3.254.0"
      "@aws-sdk/property-provider" "3.254.0"
      "@aws-sdk/protocol-http" "3.254.0"
      "@aws-sdk/signature-v4" "3.254.0"
      "@aws-sdk/types" "3.254.0"
      tslib "^2.3.1"
  
  "@aws-sdk/middleware-serde@3.254.0":
    version "3.254.0"
    resolved "https://registry.yarnpkg.com/@aws-sdk/middleware-serde/-/middleware-serde-3.254.0.tgz#57b6579d6d5b6dcd260c088bec8f4cacb6adf5f0"
    integrity sha512-YuItb2nlKADTBItcn68eA8amX4quuR1+0GyFRkwssKS/iTjbIk+3gJ2s1zxkUhlyozH3U38Jvvqd+W9+gNpYIg==
    dependencies:
      "@aws-sdk/types" "3.254.0"
      tslib "^2.3.1"
  
  "@aws-sdk/middleware-signing@3.254.0":
    version "3.254.0"
    resolved "https://registry.yarnpkg.com/@aws-sdk/middleware-signing/-/middleware-signing-3.254.0.tgz#d08cf8c163a90d76a5139c23eecfffb475b6494f"
    integrity sha512-HMVGf+yANjlKCUMFZJU2PNzbI9hbCgL+IX/Y4DGuQW9cp7EgZOxQre1LBKpcCqqPVQ4toIdfNH/K8uM2fpO6dg==
    dependencies:
      "@aws-sdk/property-provider" "3.254.0"
      "@aws-sdk/protocol-http" "3.254.0"
      "@aws-sdk/signature-v4" "3.254.0"
      "@aws-sdk/types" "3.254.0"
      "@aws-sdk/util-middleware" "3.254.0"
      tslib "^2.3.1"
  
  "@aws-sdk/middleware-stack@3.254.0":
    version "3.254.0"
    resolved "https://registry.yarnpkg.com/@aws-sdk/middleware-stack/-/middleware-stack-3.254.0.tgz#1ec3b7ce4a9e62c630119cb3d4ec47df8cf2c185"
    integrity sha512-yPWRnjeLC0lPAEQbiqbC3+hnqXZ+uCSoSevGndU5KWMMiXLxKZn7Y0B3kG8NAnNNuPid+wYFWWU9rKiBRvWR/w==
    dependencies:
      tslib "^2.3.1"
  
  "@aws-sdk/middleware-user-agent@3.254.0":
    version "3.254.0"
    resolved "https://registry.yarnpkg.com/@aws-sdk/middleware-user-agent/-/middleware-user-agent-3.254.0.tgz#b0b54aae78044db72605bfb3cda7099c840f600f"
    integrity sha512-hp5UYRg3ysZXMFMv34nYexyom6Z3pdx+OmisJz4w3AMigT8y57Ps30Vg+1QYaGlQkI4vfvcmdZX2Q+kp+mb9gQ==
    dependencies:
      "@aws-sdk/protocol-http" "3.254.0"
      "@aws-sdk/types" "3.254.0"
      tslib "^2.3.1"
  
  "@aws-sdk/node-config-provider@3.254.0":
    version "3.254.0"
    resolved "https://registry.yarnpkg.com/@aws-sdk/node-config-provider/-/node-config-provider-3.254.0.tgz#0919e198e28144a85f97928ceccaf509db796a5b"
    integrity sha512-3Bp3Gp2NOY9gab738xf07TysO5iB0Ib9qRNGDlxX8SX8fZDRnxrF2cn+Tjte42wrO54orwhSyuTaIlAqKeii8Q==
    dependencies:
      "@aws-sdk/property-provider" "3.254.0"
      "@aws-sdk/shared-ini-file-loader" "3.254.0"
      "@aws-sdk/types" "3.254.0"
      tslib "^2.3.1"
  
  "@aws-sdk/node-http-handler@3.254.0":
    version "3.254.0"
    resolved "https://registry.yarnpkg.com/@aws-sdk/node-http-handler/-/node-http-handler-3.254.0.tgz#5007434b0ed387f110639cf74f7cbb6abebd6e68"
    integrity sha512-DX2WJ3pub+3FF9GpoF5doERCn06MxS/UmmbKnIIokWQHjPZVomNh/1P3Cf9Jn9jeIPgh4UOg0uPD8cUm/cwHQw==
    dependencies:
      "@aws-sdk/abort-controller" "3.254.0"
      "@aws-sdk/protocol-http" "3.254.0"
      "@aws-sdk/querystring-builder" "3.254.0"
      "@aws-sdk/types" "3.254.0"
      tslib "^2.3.1"
  
  "@aws-sdk/property-provider@3.254.0":
    version "3.254.0"
    resolved "https://registry.yarnpkg.com/@aws-sdk/property-provider/-/property-provider-3.254.0.tgz#4c815471e0aade6644b2923bb3c1a26c1e2cb1e8"
    integrity sha512-BLZF/LDFjAgv2ZY0vhThU58k++Aw+SK7qNU7XT0D84q5iWlYRKptQEvSSvIkBSI/rZoppOFhK7W80I8kNNbh+Q==
    dependencies:
      "@aws-sdk/types" "3.254.0"
      tslib "^2.3.1"
  
  "@aws-sdk/protocol-http@3.254.0":
    version "3.254.0"
    resolved "https://registry.yarnpkg.com/@aws-sdk/protocol-http/-/protocol-http-3.254.0.tgz#b1ea17a599e50f30a3fc252de7aa4ced1f99acdd"
    integrity sha512-4o/I/qhMUTp70njwWe3ttyRJSAKegnr8l3oVWAf1/q1ZHpcxbRRZEDvrkx4KSunFeXTTGHcff1oyLSRG/cKMsQ==
    dependencies:
      "@aws-sdk/types" "3.254.0"
      tslib "^2.3.1"
  
  "@aws-sdk/querystring-builder@3.254.0":
    version "3.254.0"
    resolved "https://registry.yarnpkg.com/@aws-sdk/querystring-builder/-/querystring-builder-3.254.0.tgz#e542ca41e9b24828a92087d24e1f37aec1c3c4b3"
    integrity sha512-Er+pOGTrPxelrzggibduO+eB1ClaU2BhjA8gd0nORS3kqktQggG3tKmRSIilegi9WOa3awCk6CnnuAf0pBrbUA==
    dependencies:
      "@aws-sdk/types" "3.254.0"
      "@aws-sdk/util-uri-escape" "3.201.0"
      tslib "^2.3.1"
  
  "@aws-sdk/querystring-parser@3.254.0":
    version "3.254.0"
    resolved "https://registry.yarnpkg.com/@aws-sdk/querystring-parser/-/querystring-parser-3.254.0.tgz#ebca5a4e78bb5ad4e2e6a44447083d09212cf450"
    integrity sha512-WwRD99dwGo2aIrRjLHUAXaWCZ+3fj88IhIwciWTqrHBS3TQWXllOOQmYo7f+aMBB4Q1K6KdKITNi8L7aUuDv2g==
    dependencies:
      "@aws-sdk/types" "3.254.0"
      tslib "^2.3.1"
  
  "@aws-sdk/service-error-classification@3.254.0":
    version "3.254.0"
    resolved "https://registry.yarnpkg.com/@aws-sdk/service-error-classification/-/service-error-classification-3.254.0.tgz#1cf2a2e79fd73d48e751207e25527988dd6716d1"
    integrity sha512-8GHqMJBBF9yoMBG/Nf9PusUSMFjG8ygps/cSJPlgcG2vbFn8BCdBZVc4ptXqICZUnBB/6lrxy8nCmNUaru48jg==
  
  "@aws-sdk/shared-ini-file-loader@3.254.0":
    version "3.254.0"
    resolved "https://registry.yarnpkg.com/@aws-sdk/shared-ini-file-loader/-/shared-ini-file-loader-3.254.0.tgz#1d26b8d98541755dc6a4b8027110fea2b86b6257"
    integrity sha512-UH4YTXuG+q004vA+jNrVhrD5XQCIAgpL/eriObJnQpKUVef1mkkEDHZs8+8+ZPsk4p/iBrIJ3lXNf7iDA/BFzw==
    dependencies:
      "@aws-sdk/types" "3.254.0"
      tslib "^2.3.1"
  
  "@aws-sdk/signature-v4@3.254.0":
    version "3.254.0"
    resolved "https://registry.yarnpkg.com/@aws-sdk/signature-v4/-/signature-v4-3.254.0.tgz#a68a1f420c98cbfe1d5f15227172d26bb7980338"
    integrity sha512-9FoEnipA9hAgEp6oqIT3+hobF+JgIXIn5QV8kAB7QGxEDqs/pdpEbGc9qbxi0ghdjvqzOSDir9gNI3w0cL8Aug==
    dependencies:
      "@aws-sdk/is-array-buffer" "3.201.0"
      "@aws-sdk/types" "3.254.0"
      "@aws-sdk/util-hex-encoding" "3.201.0"
      "@aws-sdk/util-middleware" "3.254.0"
      "@aws-sdk/util-uri-escape" "3.201.0"
      "@aws-sdk/util-utf8" "3.254.0"
      tslib "^2.3.1"
  
  "@aws-sdk/smithy-client@3.254.0":
    version "3.254.0"
    resolved "https://registry.yarnpkg.com/@aws-sdk/smithy-client/-/smithy-client-3.254.0.tgz#053bb490fe6db91ce90471e285e37c8adb77440c"
    integrity sha512-SI0jz9JfWi1IaakDX/26xliKTIMJpzwwDoyQPEfZ/L0KKdpr2gNhljA3sR2pZ2EM1oqOaXpMHAunSzv7EBpBWg==
    dependencies:
      "@aws-sdk/middleware-stack" "3.254.0"
      "@aws-sdk/types" "3.254.0"
      tslib "^2.3.1"
  
  "@aws-sdk/token-providers@3.254.0":
    version "3.254.0"
    resolved "https://registry.yarnpkg.com/@aws-sdk/token-providers/-/token-providers-3.254.0.tgz#a8f6c91fdf36e4c697212a0d9cb84b7f513b855e"
    integrity sha512-i3W+YWrMtgdFPDWW/m56xrkBhqrB6beKgQi46oSM/aFZ3ZAkFJLfbsLK99LWzVxtzELTSFjJWY54r+Au/hb2kQ==
    dependencies:
      "@aws-sdk/client-sso-oidc" "3.254.0"
      "@aws-sdk/property-provider" "3.254.0"
      "@aws-sdk/shared-ini-file-loader" "3.254.0"
      "@aws-sdk/types" "3.254.0"
      tslib "^2.3.1"
  
  "@aws-sdk/types@3.254.0", "@aws-sdk/types@^3.222.0":
    version "3.254.0"
    resolved "https://registry.yarnpkg.com/@aws-sdk/types/-/types-3.254.0.tgz#760b4a876efa2edcec191dd8b18b989fa717a42e"
    integrity sha512-xDEDk6ZAGFO0URPgB6R2mvQANYlojHLjLC9zzOzl07F+uqYS30yZDIg4UFcqPt/x48v7mxlKZpbaZgYI2ZLgGA==
    dependencies:
      tslib "^2.3.1"
  
  "@aws-sdk/url-parser@3.254.0":
    version "3.254.0"
    resolved "https://registry.yarnpkg.com/@aws-sdk/url-parser/-/url-parser-3.254.0.tgz#4b1fd769a4c546bd6571181feac2be1e8feaacab"
    integrity sha512-Za0JGUa9p5GQ8t2tVtKaRSjLUxrmEdnBlUiZ2zKm86wFxgQnjbMwzD3mvyJ5OaVsXScU5vzc3CXHIXSvS7h7Ng==
    dependencies:
      "@aws-sdk/querystring-parser" "3.254.0"
      "@aws-sdk/types" "3.254.0"
      tslib "^2.3.1"
  
  "@aws-sdk/util-base64@3.208.0":
    version "3.208.0"
    resolved "https://registry.yarnpkg.com/@aws-sdk/util-base64/-/util-base64-3.208.0.tgz#36b430e5396251f761590f7c2f0c5c12193f353c"
    integrity sha512-PQniZph5A6N7uuEOQi+1hnMz/FSOK/8kMFyFO+4DgA1dZ5pcKcn5wiFwHkcTb/BsgVqQa3Jx0VHNnvhlS8JyTg==
    dependencies:
      "@aws-sdk/util-buffer-from" "3.208.0"
      tslib "^2.3.1"
  
  "@aws-sdk/util-body-length-browser@3.188.0":
    version "3.188.0"
    resolved "https://registry.yarnpkg.com/@aws-sdk/util-body-length-browser/-/util-body-length-browser-3.188.0.tgz#e1d949318c10a621b38575a9ef01e39f9857ddb0"
    integrity sha512-8VpnwFWXhnZ/iRSl9mTf+VKOX9wDE8QtN4bj9pBfxwf90H1X7E8T6NkiZD3k+HubYf2J94e7DbeHs7fuCPW5Qg==
    dependencies:
      tslib "^2.3.1"
  
  "@aws-sdk/util-body-length-node@3.208.0":
    version "3.208.0"
    resolved "https://registry.yarnpkg.com/@aws-sdk/util-body-length-node/-/util-body-length-node-3.208.0.tgz#baabd1fa1206ff2bd4ce3785122d86eb3258dd20"
    integrity sha512-3zj50e5g7t/MQf53SsuuSf0hEELzMtD8RX8C76f12OSRo2Bca4FLLYHe0TZbxcfQHom8/hOaeZEyTyMogMglqg==
    dependencies:
      tslib "^2.3.1"
  
  "@aws-sdk/util-buffer-from@3.208.0":
    version "3.208.0"
    resolved "https://registry.yarnpkg.com/@aws-sdk/util-buffer-from/-/util-buffer-from-3.208.0.tgz#285e86f6dc9030148a4147d65239e75cb254a1b0"
    integrity sha512-7L0XUixNEFcLUGPeBF35enCvB9Xl+K6SQsmbrPk1P3mlV9mguWSDQqbOBwY1Ir0OVbD6H/ZOQU7hI/9RtRI0Zw==
    dependencies:
      "@aws-sdk/is-array-buffer" "3.201.0"
      tslib "^2.3.1"
  
  "@aws-sdk/util-config-provider@3.208.0":
    version "3.208.0"
    resolved "https://registry.yarnpkg.com/@aws-sdk/util-config-provider/-/util-config-provider-3.208.0.tgz#c485fd83fbac051337e5f6be60ea3f9fa61c0139"
    integrity sha512-DSRqwrERUsT34ug+anlMBIFooBEGwM8GejC7q00Y/9IPrQy50KnG5PW2NiTjuLKNi7pdEOlwTSEocJE15eDZIg==
    dependencies:
      tslib "^2.3.1"
  
  "@aws-sdk/util-defaults-mode-browser@3.254.0":
    version "3.254.0"
    resolved "https://registry.yarnpkg.com/@aws-sdk/util-defaults-mode-browser/-/util-defaults-mode-browser-3.254.0.tgz#6baa31a48521f2758f919130e0bd5180b179c7ad"
    integrity sha512-vj/s+BuqNKTHN9bsZ/HY7vpBWbo3F+4c3/ZoKSZa5Jc7jAuGCbx3zWwHdJFDgvbqLvsTBw80Q9d/CDy9pKj/tQ==
    dependencies:
      "@aws-sdk/property-provider" "3.254.0"
      "@aws-sdk/types" "3.254.0"
      bowser "^2.11.0"
      tslib "^2.3.1"
  
  "@aws-sdk/util-defaults-mode-node@3.254.0":
    version "3.254.0"
    resolved "https://registry.yarnpkg.com/@aws-sdk/util-defaults-mode-node/-/util-defaults-mode-node-3.254.0.tgz#e92b3196ddc93fe5851b584aa5ac7fb22215d0ba"
    integrity sha512-gvD2+Uf60c2BgUYv2d6R4dSpO/CbvybqblgF8lKZCsHkDWzfEdPv9nlJgUWM1cuMKQ0hBZ3cL3ilOwVKRVPyiQ==
    dependencies:
      "@aws-sdk/config-resolver" "3.254.0"
      "@aws-sdk/credential-provider-imds" "3.254.0"
      "@aws-sdk/node-config-provider" "3.254.0"
      "@aws-sdk/property-provider" "3.254.0"
      "@aws-sdk/types" "3.254.0"
      tslib "^2.3.1"
  
  "@aws-sdk/util-endpoints@3.254.0":
    version "3.254.0"
    resolved "https://registry.yarnpkg.com/@aws-sdk/util-endpoints/-/util-endpoints-3.254.0.tgz#b21eed05e60210ac533ed96784d039015295895d"
    integrity sha512-BzBIOnhVrs4RFTpGZErZfAV1VhqWglxn047VYijmCQe8Aejq4mJAaepSwHYar++XC0+pduD5YO8IidW8z/1vQQ==
    dependencies:
      "@aws-sdk/types" "3.254.0"
      tslib "^2.3.1"
  
  "@aws-sdk/util-hex-encoding@3.201.0":
    version "3.201.0"
    resolved "https://registry.yarnpkg.com/@aws-sdk/util-hex-encoding/-/util-hex-encoding-3.201.0.tgz#21d7ec319240ee68c33d938e71cb79830bea315d"
    integrity sha512-7t1vR1pVxKx0motd3X9rI3m/xNp78p3sHtP5yo4NP4ARpxyJ0fokBomY8ScaH2D/B+U5o9ARxldJUdMqyBlJcA==
    dependencies:
      tslib "^2.3.1"
  
  "@aws-sdk/util-locate-window@^3.0.0":
    version "3.208.0"
    resolved "https://registry.yarnpkg.com/@aws-sdk/util-locate-window/-/util-locate-window-3.208.0.tgz#0f598fc238a1256e4bcb64d01459f03a922dd4c3"
    integrity sha512-iua1A2+P7JJEDHVgvXrRJSvsnzG7stYSGQnBVphIUlemwl6nN5D+QrgbjECtrbxRz8asYFHSzhdhECqN+tFiBg==
    dependencies:
      tslib "^2.3.1"
  
  "@aws-sdk/util-middleware@3.254.0":
    version "3.254.0"
    resolved "https://registry.yarnpkg.com/@aws-sdk/util-middleware/-/util-middleware-3.254.0.tgz#17e8c578c3905753aeb44289885d48fc6e16c864"
    integrity sha512-gn7vInNTRBo2QatOB+uU99JwV53wf/zlTUnUK0qOuebtSDLMdiO+msiMi2ctz9vMIrtc2XMXNQro1aE0aUPy4w==
    dependencies:
      tslib "^2.3.1"
  
  "@aws-sdk/util-retry@3.254.0":
    version "3.254.0"
    resolved "https://registry.yarnpkg.com/@aws-sdk/util-retry/-/util-retry-3.254.0.tgz#c4cdf051439b4c12d1865dd2944b9eeb1d489bcc"
    integrity sha512-IVA4wAOJpVssEIbJmeq1fdDYvrkOqYFK9Pz4tERmMz33003fyY92dU468Lulw8MnsSALYiwWUoWSFg9L5RCTug==
    dependencies:
      "@aws-sdk/service-error-classification" "3.254.0"
      tslib "^2.3.1"
  
  "@aws-sdk/util-uri-escape@3.201.0":
    version "3.201.0"
    resolved "https://registry.yarnpkg.com/@aws-sdk/util-uri-escape/-/util-uri-escape-3.201.0.tgz#5e708d4cde001a4558ee616f889ceacfadd2ab03"
    integrity sha512-TeTWbGx4LU2c5rx0obHeDFeO9HvwYwQtMh1yniBz00pQb6Qt6YVOETVQikRZ+XRQwEyCg/dA375UplIpiy54mA==
    dependencies:
      tslib "^2.3.1"
  
  "@aws-sdk/util-user-agent-browser@3.254.0":
    version "3.254.0"
    resolved "https://registry.yarnpkg.com/@aws-sdk/util-user-agent-browser/-/util-user-agent-browser-3.254.0.tgz#a1e7783d4210eb6f4cfda3e6c9403e4a565f8244"
    integrity sha512-2HvwH8l7ln4qTDsU3rgH9NvSSo5qhX+2Lenb6XvNnIMkL4r/tPhNIaGKtoQRfpzLH378Mm9XEQnJM5UXFRWuTA==
    dependencies:
      "@aws-sdk/types" "3.254.0"
      bowser "^2.11.0"
      tslib "^2.3.1"
  
  "@aws-sdk/util-user-agent-node@3.254.0":
    version "3.254.0"
    resolved "https://registry.yarnpkg.com/@aws-sdk/util-user-agent-node/-/util-user-agent-node-3.254.0.tgz#044de697c3e7d151ecb80ccef529fec345e4c440"
    integrity sha512-6nc9bmRP+2JqbBJ5oRZZRU8l35X3VcWF5j8XvmamWjIABsanc6Gv6NV4qAa3imPjIyWNiShZn/YkTBYs1exsdg==
    dependencies:
      "@aws-sdk/node-config-provider" "3.254.0"
      "@aws-sdk/types" "3.254.0"
      tslib "^2.3.1"
  
  "@aws-sdk/util-utf8-browser@3.188.0", "@aws-sdk/util-utf8-browser@^3.0.0":
    version "3.188.0"
    resolved "https://registry.yarnpkg.com/@aws-sdk/util-utf8-browser/-/util-utf8-browser-3.188.0.tgz#484762bd600401350e148277731d6744a4a92225"
    integrity sha512-jt627x0+jE+Ydr9NwkFstg3cUvgWh56qdaqAMDsqgRlKD21md/6G226z/Qxl7lb1VEW2LlmCx43ai/37Qwcj2Q==
    dependencies:
      tslib "^2.3.1"
  
  "@aws-sdk/util-utf8-node@3.208.0":
    version "3.208.0"
    resolved "https://registry.yarnpkg.com/@aws-sdk/util-utf8-node/-/util-utf8-node-3.208.0.tgz#eba17de0f92f87b98481c2e2d0ceaa05c7994d67"
    integrity sha512-jKY87Acv0yWBdFxx6bveagy5FYjz+dtV8IPT7ay1E2WPWH1czoIdMAkc8tSInK31T6CRnHWkLZ1qYwCbgRfERQ==
    dependencies:
      "@aws-sdk/util-buffer-from" "3.208.0"
      tslib "^2.3.1"
  
  "@aws-sdk/util-utf8@3.254.0":
    version "3.254.0"
    resolved "https://registry.yarnpkg.com/@aws-sdk/util-utf8/-/util-utf8-3.254.0.tgz#909af9c6549833a9a9bf77004b7484bfc96b2c35"
    integrity sha512-14Kso/eIt5/qfIBmhEL9L1IfyUqswjSTqO2mY7KOzUZ9SZbwn3rpxmtkhmATkRjD7XIlLKaxBkI7tU9Zjzj8Kw==
    dependencies:
      "@aws-sdk/util-buffer-from" "3.208.0"
      tslib "^2.3.1"
  
  "@fastify/ajv-compiler@^3.3.1":
    version "3.5.0"
    resolved "https://registry.yarnpkg.com/@fastify/ajv-compiler/-/ajv-compiler-3.5.0.tgz#459bff00fefbf86c96ec30e62e933d2379e46670"
    integrity sha512-ebbEtlI7dxXF5ziNdr05mOY8NnDiPB1XvAlLHctRt/Rc+C3LCOVW5imUVX+mhvUhnNzmPBHewUkOFgGlCxgdAA==
    dependencies:
      ajv "^8.11.0"
      ajv-formats "^2.1.1"
      fast-uri "^2.0.0"
  
  "@fastify/deepmerge@^1.0.0":
    version "1.3.0"
    resolved "https://registry.yarnpkg.com/@fastify/deepmerge/-/deepmerge-1.3.0.tgz#8116858108f0c7d9fd460d05a7d637a13fe3239a"
    integrity sha512-J8TOSBq3SoZbDhM9+R/u77hP93gz/rajSA+K2kGyijPpORPWUXHUpTaleoj+92As0S9uPRP7Oi8IqMf0u+ro6A==
  
  "@fastify/error@^3.0.0":
    version "3.2.0"
    resolved "https://registry.yarnpkg.com/@fastify/error/-/error-3.2.0.tgz#9010e0acfe07965f5fc7d2b367f58f042d0f4106"
    integrity sha512-KAfcLa+CnknwVi5fWogrLXgidLic+GXnLjijXdpl8pvkvbXU5BGa37iZO9FGvsh9ZL4y+oFi5cbHBm5UOG+dmQ==
  
  "@fastify/fast-json-stringify-compiler@^4.1.0":
    version "4.2.0"
    resolved "https://registry.yarnpkg.com/@fastify/fast-json-stringify-compiler/-/fast-json-stringify-compiler-4.2.0.tgz#52d047fac76b0d75bd660f04a5dd606659f57c5a"
    integrity sha512-ypZynRvXA3dibfPykQN3RB5wBdEUgSGgny8Qc6k163wYPLD4mEGEDkACp+00YmqkGvIm8D/xYoHajwyEdWD/eg==
    dependencies:
      fast-json-stringify "^5.0.0"
  
  "@fastify/swagger@^8.3.0":
    version "8.3.0"
    resolved "https://registry.yarnpkg.com/@fastify/swagger/-/swagger-8.3.0.tgz#29192a3830db9b8b4a9efb4034f17fabf89700e8"
    integrity sha512-iJkVXIId7K0ylJfsBXvYSuxUURD1G77+OxwCIJ0MqZnkeYCgiUqjzw6twY87EXd5mRVZujl6CACOIO73+mQOYw==
    dependencies:
      fastify-plugin "^4.0.0"
      json-schema-resolver "^2.0.0"
      openapi-types "^12.0.0"
      rfdc "^1.3.0"
      yaml "^2.1.1"
  
  "@fastify/type-provider-json-schema-to-ts@^2.2.2":
    version "2.2.2"
    resolved "https://registry.yarnpkg.com/@fastify/type-provider-json-schema-to-ts/-/type-provider-json-schema-to-ts-2.2.2.tgz#84caf8aeb0e99fca78e74003655af7406b8b3001"
    integrity sha512-RMnlf5JxojQt/LqgsQLDyNfQmuO/L+0GwHxsVGRBBSlYC4K45q7e2x1Rh6o8/VgvuwCK+cohQAvbrU0q3ixdbw==
  
  "@sinclair/typebox@^0.25.21":
    version "0.25.21"
    resolved "https://registry.yarnpkg.com/@sinclair/typebox/-/typebox-0.25.21.tgz#763b05a4b472c93a8db29b2c3e359d55b29ce272"
    integrity sha512-gFukHN4t8K4+wVC+ECqeqwzBDeFeTzBXroBTqE6vcWrQGbEUpHO7LYdG0f4xnvYq4VOEwITSlHlp0JBAIFMS/g==
  
  "@typegoose/typegoose@^10.0.0":
    version "10.0.0"
    resolved "https://registry.yarnpkg.com/@typegoose/typegoose/-/typegoose-10.0.0.tgz#644118b4ce6789a7fcf7a3b3a40a119e5180bfb6"
    integrity sha512-40Y2yZYbyeTYFJBWucBovJlopgtKyEvyNYK2zNgw/NXOUkvijkyHeWsyPGKOXEaXqhrku/cjrVIWMbdKx2YiuA==
    dependencies:
      lodash "^4.17.20"
      loglevel "^1.8.1"
      reflect-metadata "^0.1.13"
      semver "^7.3.8"
      tslib "^2.4.1"
  
  "@types/node@*":
    version "18.11.18"
    resolved "https://registry.yarnpkg.com/@types/node/-/node-18.11.18.tgz#8dfb97f0da23c2293e554c5a50d61ef134d7697f"
    integrity sha512-DHQpWGjyQKSHj3ebjFI/wRKcqQcdR+MoFBygntYOZytCqNfkd2ZC4ARDJ2DQqhjH5p85Nnd3jhUJIXrszFX/JA==
  
  "@types/webidl-conversions@*":
    version "7.0.0"
    resolved "https://registry.yarnpkg.com/@types/webidl-conversions/-/webidl-conversions-7.0.0.tgz#2b8e60e33906459219aa587e9d1a612ae994cfe7"
    integrity sha512-xTE1E+YF4aWPJJeUzaZI5DRntlkY3+BCVJi0axFptnjGmAoWxkyREIh/XMrfxVLejwQxMCfDXdICo0VLxThrog==
  
  "@types/whatwg-url@^8.2.1":
    version "8.2.2"
    resolved "https://registry.yarnpkg.com/@types/whatwg-url/-/whatwg-url-8.2.2.tgz#749d5b3873e845897ada99be4448041d4cc39e63"
    integrity sha512-FtQu10RWgn3D9U4aazdwIE2yzphmTJREDqNdODHrbrZmmMqI0vMheC/6NE/J1Yveaj8H+ela+YwWTjq5PGmuhA==
    dependencies:
      "@types/node" "*"
      "@types/webidl-conversions" "*"
  
  abort-controller@^3.0.0:
    version "3.0.0"
    resolved "https://registry.yarnpkg.com/abort-controller/-/abort-controller-3.0.0.tgz#eaf54d53b62bae4138e809ca225c8439a6efb392"
    integrity sha512-h8lQ8tacZYnR3vNQTgibj+tODHI5/+l06Au2Pcriv/Gmet0eaj4TwWH41sO9wnHDiQsEj19q0drzdWdeAHtweg==
    dependencies:
      event-target-shim "^5.0.0"
  
  abstract-logging@^2.0.1:
    version "2.0.1"
    resolved "https://registry.yarnpkg.com/abstract-logging/-/abstract-logging-2.0.1.tgz#6b0c371df212db7129b57d2e7fcf282b8bf1c839"
    integrity sha512-2BjRTZxTPvheOvGbBslFSYOUkr+SjPtOnrLP33f+VIWLzezQpZcqVg7ja3L4dBXmzzgwT+a029jRx5PCi3JuiA==
  
  ajv-formats@^2.1.1:
    version "2.1.1"
    resolved "https://registry.yarnpkg.com/ajv-formats/-/ajv-formats-2.1.1.tgz#6e669400659eb74973bbf2e33327180a0996b520"
    integrity sha512-Wx0Kx52hxE7C18hkMEggYlEifqWZtYaRgouJor+WMdPnQyEK13vgEWyVNup7SoeeoLMsr4kf5h6dOW11I15MUA==
    dependencies:
      ajv "^8.0.0"
  
  ajv@^8.0.0, ajv@^8.10.0, ajv@^8.11.0:
    version "8.12.0"
    resolved "https://registry.yarnpkg.com/ajv/-/ajv-8.12.0.tgz#d1a0527323e22f53562c567c00991577dfbe19d1"
    integrity sha512-sRu1kpcO9yLtYxBKvqfTeh9KzZEwO3STyX1HT+4CaDzC6HpTGYhIhPIzj9XuKU7KYDwnaeh5hcOwjy1QuJzBPA==
    dependencies:
      fast-deep-equal "^3.1.1"
      json-schema-traverse "^1.0.0"
      require-from-string "^2.0.2"
      uri-js "^4.2.2"
  
  archy@^1.0.0:
    version "1.0.0"
    resolved "https://registry.yarnpkg.com/archy/-/archy-1.0.0.tgz#f9c8c13757cc1dd7bc379ac77b2c62a5c2868c40"
    integrity sha512-Xg+9RwCg/0p32teKdGMPTPnVXKD0w3DfHnFTficozsAgsvq2XenPJq/MYpzzQ/v8zrOyJn6Ds39VA4JIDwFfqw==
  
  atomic-sleep@^1.0.0:
    version "1.0.0"
    resolved "https://registry.yarnpkg.com/atomic-sleep/-/atomic-sleep-1.0.0.tgz#eb85b77a601fc932cfe432c5acd364a9e2c9075b"
    integrity sha512-kNOjDqAh7px0XWNI+4QbzoiR/nTkHAWNud2uvnJquD1/x5a7EQZMJT0AczqK0Qn67oY/TTQ1LbUKajZpp3I9tQ==
  
  avvio@^8.2.0:
    version "8.2.0"
    resolved "https://registry.yarnpkg.com/avvio/-/avvio-8.2.0.tgz#aff28b0266617bf07ffc1c2d5f4220c3663ce1c2"
    integrity sha512-bbCQdg7bpEv6kGH41RO/3B2/GMMmJSo2iBK+X8AWN9mujtfUipMDfIjsgHCfpnKqoGEQrrmCDKSa5OQ19+fDmg==
    dependencies:
      archy "^1.0.0"
      debug "^4.0.0"
      fastq "^1.6.1"
  
  base64-js@^1.3.1:
    version "1.5.1"
    resolved "https://registry.yarnpkg.com/base64-js/-/base64-js-1.5.1.tgz#1b1b440160a5bf7ad40b650f095963481903930a"
    integrity sha512-AKpaYlHn8t4SVbOHCy+b5+KKgvR4vrsD8vbvrbiQJps7fKDTkjkDry6ji0rUJjC0kzbNePLwzxq8iypo41qeWA==
  
  bowser@^2.11.0:
    version "2.11.0"
    resolved "https://registry.yarnpkg.com/bowser/-/bowser-2.11.0.tgz#5ca3c35757a7aa5771500c70a73a9f91ef420a8f"
    integrity sha512-AlcaJBi/pqqJBIQ8U9Mcpc9i8Aqxn88Skv5d+xBX006BY5u8N3mGLHa5Lgppa7L/HfwgwLgZ6NYs+Ag6uUmJRA==
  
  bson@^4.7.0:
    version "4.7.2"
    resolved "https://registry.yarnpkg.com/bson/-/bson-4.7.2.tgz#320f4ad0eaf5312dd9b45dc369cc48945e2a5f2e"
    integrity sha512-Ry9wCtIZ5kGqkJoi6aD8KjxFZEx78guTQDnpXWiNthsxzrxAK/i8E6pCHAIZTbaEFWcOCvbecMukfK7XUvyLpQ==
    dependencies:
      buffer "^5.6.0"
  
  buffer@^5.6.0:
    version "5.7.1"
    resolved "https://registry.yarnpkg.com/buffer/-/buffer-5.7.1.tgz#ba62e7c13133053582197160851a8f648e99eed0"
    integrity sha512-EHcyIPBQ4BSGlvjB16k5KgAJ27CIsHY/2JBmCRReo48y9rQ3MaUzWX3KVlBa4U7MyX02HdVj0K7C3WaB3ju7FQ==
    dependencies:
      base64-js "^1.3.1"
      ieee754 "^1.1.13"
  
  buffer@^6.0.3:
    version "6.0.3"
    resolved "https://registry.yarnpkg.com/buffer/-/buffer-6.0.3.tgz#2ace578459cc8fbe2a70aaa8f52ee63b6a74c6c6"
    integrity sha512-FTiCpNxtwiZZHEZbcbTIcZjERVICn9yq/pDFkTl95/AxzD1naBctN7YO68riM/gLSDY7sdrMby8hofADYuuqOA==
    dependencies:
      base64-js "^1.3.1"
      ieee754 "^1.2.1"
  
  cookie@^0.5.0:
    version "0.5.0"
    resolved "https://registry.yarnpkg.com/cookie/-/cookie-0.5.0.tgz#d1f5d71adec6558c58f389987c366aa47e994f8b"
    integrity sha512-YZ3GUyn/o8gfKJlnlX7g7xq4gyO6OSuhGPKaaGssGB2qgDUS0gPgtTvoyZLTt9Ab6dC4hfc9dV5arkvc/OCmrw==
  
  debug@4.x, debug@^4.0.0, debug@^4.1.1:
    version "4.3.4"
    resolved "https://registry.yarnpkg.com/debug/-/debug-4.3.4.tgz#1319f6579357f2338d3337d2cdd4914bb5dcc865"
    integrity sha512-PRWFHuSU3eDtQJPvnNY7Jcket1j0t5OuOsFzPPzsekD52Zl8qUfFIPEiswXqIvHWGVHOgX+7G/vCNNhehwxfkQ==
    dependencies:
      ms "2.1.2"
  
  dotenv-expand@^9.0.0:
    version "9.0.0"
    resolved "https://registry.yarnpkg.com/dotenv-expand/-/dotenv-expand-9.0.0.tgz#1fd37e2cd63ea0b5f7389fb87256efc38b035b26"
    integrity sha512-uW8Hrhp5ammm9x7kBLR6jDfujgaDarNA02tprvZdyrJ7MpdzD1KyrIHG4l+YoC2fJ2UcdFdNWNWIjt+sexBHJw==
  
  dotenv@^16.0.0:
    version "16.0.3"
    resolved "https://registry.yarnpkg.com/dotenv/-/dotenv-16.0.3.tgz#115aec42bac5053db3c456db30cc243a5a836a07"
    integrity sha512-7GO6HghkA5fYG9TYnNxi14/7K9f5occMlp3zXAuSxn7CKCxt9xbNWG7yF8hTCSUchlfWSe3uLmlPfigevRItzQ==
  
  env-schema@^5.2.0:
    version "5.2.0"
    resolved "https://registry.yarnpkg.com/env-schema/-/env-schema-5.2.0.tgz#9d3b3137daad07ecb5b13e95b1c8bc8dafbc6c03"
    integrity sha512-36/6cZ+zIbcPA2ANrzp7vTz2bS8/zdZaq2RPFqJVtCGJ4P55EakgJ1BeKP8RMvEmM7ndrnHdJXzL3J1dHrEm1w==
    dependencies:
      ajv "^8.0.0"
      dotenv "^16.0.0"
      dotenv-expand "^9.0.0"
  
  event-target-shim@^5.0.0:
    version "5.0.1"
    resolved "https://registry.yarnpkg.com/event-target-shim/-/event-target-shim-5.0.1.tgz#5d4d3ebdf9583d63a5333ce2deb7480ab2b05789"
    integrity sha512-i/2XbnSz/uxRCU6+NdVJgKWDTM427+MqYbkQzD321DuCQJUqOuJKIA0IM2+W2xtYHdKOmZ4dR6fExsd4SXL+WQ==
  
  events@^3.3.0:
    version "3.3.0"
    resolved "https://registry.yarnpkg.com/events/-/events-3.3.0.tgz#31a95ad0a924e2d2c419a813aeb2c4e878ea7400"
    integrity sha512-mQw+2fkQbALzQ7V0MY0IqdnXNOeTtP4r0lN9z7AAawCXgqea7bDii20AYrIBrFd/Hx0M2Ocz6S111CaFkUcb0Q==
  
  fast-content-type-parse@^1.0.0:
    version "1.0.0"
    resolved "https://registry.yarnpkg.com/fast-content-type-parse/-/fast-content-type-parse-1.0.0.tgz#cddce00df7d7efb3727d375a598e4904bfcb751c"
    integrity sha512-Xbc4XcysUXcsP5aHUU7Nq3OwvHq97C+WnbkeIefpeYLX+ryzFJlU6OStFJhs6Ol0LkUGpcK+wL0JwfM+FCU5IA==
  
  fast-decode-uri-component@^1.0.1:
    version "1.0.1"
    resolved "https://registry.yarnpkg.com/fast-decode-uri-component/-/fast-decode-uri-component-1.0.1.tgz#46f8b6c22b30ff7a81357d4f59abfae938202543"
    integrity sha512-WKgKWg5eUxvRZGwW8FvfbaH7AXSh2cL+3j5fMGzUMCxWBJ3dV3a7Wz8y2f/uQ0e3B6WmodD3oS54jTQ9HVTIIg==
  
  fast-deep-equal@^3.1.1, fast-deep-equal@^3.1.3:
    version "3.1.3"
    resolved "https://registry.yarnpkg.com/fast-deep-equal/-/fast-deep-equal-3.1.3.tgz#3a7d56b559d6cbc3eb512325244e619a65c6c525"
    integrity sha512-f3qQ9oQy9j2AhBe/H9VC91wLmKBCCU/gDOnKNAYG5hswO7BLKj09Hc5HYNz9cGI++xlpDCIgDaitVs03ATR84Q==
  
  fast-json-stringify@^5.0.0:
    version "5.5.0"
    resolved "https://registry.yarnpkg.com/fast-json-stringify/-/fast-json-stringify-5.5.0.tgz#6655cb944df8da43f6b15312a9564b81c55dadab"
    integrity sha512-rmw2Z8/mLkND8zI+3KTYIkNPEoF5v6GqDP/o+g7H3vjdWjBwuKpgAYFHIzL6ORRB+iqDjjtJnLIW9Mzxn5szOA==
    dependencies:
      "@fastify/deepmerge" "^1.0.0"
      ajv "^8.10.0"
      ajv-formats "^2.1.1"
      fast-deep-equal "^3.1.3"
      fast-uri "^2.1.0"
      rfdc "^1.2.0"
  
  fast-querystring@^1.0.0:
    version "1.1.0"
    resolved "https://registry.yarnpkg.com/fast-querystring/-/fast-querystring-1.1.0.tgz#bb645c365db88a3b6433fb6484f7e9e66764cfb9"
    integrity sha512-LWkjBCZlxjnSanuPpZ6mHswjy8hQv3VcPJsQB3ltUF2zjvrycr0leP3TSTEEfvQ1WEMSRl5YNsGqaft9bjLqEw==
    dependencies:
      fast-decode-uri-component "^1.0.1"
  
  fast-redact@^3.1.1:
    version "3.1.2"
    resolved "https://registry.yarnpkg.com/fast-redact/-/fast-redact-3.1.2.tgz#d58e69e9084ce9fa4c1a6fa98a3e1ecf5d7839aa"
    integrity sha512-+0em+Iya9fKGfEQGcd62Yv6onjBmmhV1uh86XVfOU8VwAe6kaFdQCWI9s0/Nnugx5Vd9tdbZ7e6gE2tR9dzXdw==
  
  fast-uri@^2.0.0, fast-uri@^2.1.0:
    version "2.2.0"
    resolved "https://registry.yarnpkg.com/fast-uri/-/fast-uri-2.2.0.tgz#519a0f849bef714aad10e9753d69d8f758f7445a"
    integrity sha512-cIusKBIt/R/oI6z/1nyfe2FvGKVTohVRfvkOhvx0nCEW+xf5NoCXjAHcWp93uOUBchzYcsvPlrapAdX1uW+YGg==
  
  fast-xml-parser@4.0.11:
    version "4.0.11"
    resolved "https://registry.yarnpkg.com/fast-xml-parser/-/fast-xml-parser-4.0.11.tgz#42332a9aca544520631c8919e6ea871c0185a985"
    integrity sha512-4aUg3aNRR/WjQAcpceODG1C3x3lFANXRo8+1biqfieHmg9pyMt7qB4lQV/Ta6sJCTbA5vfD8fnA8S54JATiFUA==
    dependencies:
      strnum "^1.0.5"
  
  fastify-plugin@^4.0.0:
    version "4.5.0"
    resolved "https://registry.yarnpkg.com/fastify-plugin/-/fastify-plugin-4.5.0.tgz#8b853923a0bba6ab6921bb8f35b81224e6988d91"
    integrity sha512-79ak0JxddO0utAXAQ5ccKhvs6vX2MGyHHMMsmZkBANrq3hXc1CHzvNPHOcvTsVMEPl5I+NT+RO4YKMGehOfSIg==
  
  fastify@^4.12.0:
    version "4.12.0"
    resolved "https://registry.yarnpkg.com/fastify/-/fastify-4.12.0.tgz#e5330215d95702336693b38b2e66d34ee8300d3e"
    integrity sha512-Hh2GCsOCqnOuewWSvqXlpq5V/9VA+/JkVoooQWUhrU6gryO9+/UGOoF/dprGcKSDxkM/9TkMXSffYp8eA/YhYQ==
    dependencies:
      "@fastify/ajv-compiler" "^3.3.1"
      "@fastify/error" "^3.0.0"
      "@fastify/fast-json-stringify-compiler" "^4.1.0"
      abstract-logging "^2.0.1"
      avvio "^8.2.0"
      fast-content-type-parse "^1.0.0"
      find-my-way "^7.3.0"
      light-my-request "^5.6.1"
      pino "^8.5.0"
      process-warning "^2.0.0"
      proxy-addr "^2.0.7"
      rfdc "^1.3.0"
      secure-json-parse "^2.5.0"
      semver "^7.3.7"
      tiny-lru "^10.0.0"
  
  fastq@^1.6.1:
    version "1.15.0"
    resolved "https://registry.yarnpkg.com/fastq/-/fastq-1.15.0.tgz#d04d07c6a2a68fe4599fea8d2e103a937fae6b3a"
    integrity sha512-wBrocU2LCXXa+lWBt8RoIRD89Fi8OdABODa/kEnyeyjS5aZO5/GNvI5sEINADqP/h8M29UHTHUb53sUu5Ihqdw==
    dependencies:
      reusify "^1.0.4"
  
  find-my-way@^7.3.0:
    version "7.4.0"
    resolved "https://registry.yarnpkg.com/find-my-way/-/find-my-way-7.4.0.tgz#22363e6cd1c466f88883703e169a20c983f9c9cc"
    integrity sha512-JFT7eURLU5FumlZ3VBGnveId82cZz7UR7OUu+THQJOwdQXxmS/g8v0KLoFhv97HreycOrmAbqjXD/4VG2j0uMQ==
    dependencies:
      fast-deep-equal "^3.1.3"
      fast-querystring "^1.0.0"
      safe-regex2 "^2.0.0"
  
  forwarded@0.2.0:
    version "0.2.0"
    resolved "https://registry.yarnpkg.com/forwarded/-/forwarded-0.2.0.tgz#2269936428aad4c15c7ebe9779a84bf0b2a81811"
    integrity sha512-buRG0fpBtRHSTCOASe6hD258tEubFoRLb4ZNA6NxMVHNw2gOcwHo9wyablzMzOA5z9xA9L1KNjk/Nt6MT9aYow==
  
  ieee754@^1.1.13, ieee754@^1.2.1:
    version "1.2.1"
    resolved "https://registry.yarnpkg.com/ieee754/-/ieee754-1.2.1.tgz#8eb7a10a63fff25d15a57b001586d177d1b0d352"
    integrity sha512-dcyqhDvX1C46lXZcVqCpK+FtMRQVdIMN6/Df5js2zouUsqG7I6sFxitIC+7KYK29KdXOLHdu9zL4sFnoVQnqaA==
  
  ip@^2.0.0:
    version "2.0.0"
    resolved "https://registry.yarnpkg.com/ip/-/ip-2.0.0.tgz#4cf4ab182fee2314c75ede1276f8c80b479936da"
    integrity sha512-WKa+XuLG1A1R0UWhl2+1XQSi+fZWMsYKffMZTTYsiZaUD8k2yDAj5atimTUD2TZkyCkNEeYE5NhFZmupOGtjYQ==
  
  ipaddr.js@1.9.1:
    version "1.9.1"
    resolved "https://registry.yarnpkg.com/ipaddr.js/-/ipaddr.js-1.9.1.tgz#bff38543eeb8984825079ff3a2a8e6cbd46781b3"
    integrity sha512-0KI/607xoxSToH7GjN1FfSbLoU0+btTicjsQSWQlh/hZykN8KpmMf7uYwPW3R+akZ6R/w18ZlXSHBYXiYUPO3g==
  
  json-schema-resolver@^2.0.0:
    version "2.0.0"
    resolved "https://registry.yarnpkg.com/json-schema-resolver/-/json-schema-resolver-2.0.0.tgz#d17fdf53560e6bc9af084b930fee27f6ce4a03b6"
    integrity sha512-pJ4XLQP4Q9HTxl6RVDLJ8Cyh1uitSs0CzDBAz1uoJ4sRD/Bk7cFSXL1FUXDW3zJ7YnfliJx6eu8Jn283bpZ4Yg==
    dependencies:
      debug "^4.1.1"
      rfdc "^1.1.4"
      uri-js "^4.2.2"
  
  json-schema-traverse@^1.0.0:
    version "1.0.0"
    resolved "https://registry.yarnpkg.com/json-schema-traverse/-/json-schema-traverse-1.0.0.tgz#ae7bcb3656ab77a73ba5c49bf654f38e6b6860e2"
    integrity sha512-NM8/P9n3XjXhIZn1lLhkFaACTOURQXjWhV4BA/RnOv8xvgqtqpAX9IO4mRQxSx1Rlo4tqzeqb0sOlruaOy3dug==
  
  kareem@2.5.1:
    version "2.5.1"
    resolved "https://registry.yarnpkg.com/kareem/-/kareem-2.5.1.tgz#7b8203e11819a8e77a34b3517d3ead206764d15d"
    integrity sha512-7jFxRVm+jD+rkq3kY0iZDJfsO2/t4BBPeEb2qKn2lR/9KhuksYk5hxzfRYWMPV8P/x2d0kHD306YyWLzjjH+uA==
  
  light-my-request@^5.6.1:
    version "5.8.0"
    resolved "https://registry.yarnpkg.com/light-my-request/-/light-my-request-5.8.0.tgz#93b28615d4cd134b4e2370bcf2ff7e35b51c8d29"
    integrity sha512-4BtD5C+VmyTpzlDPCZbsatZMJVgUIciSOwYhJDCbLffPZ35KoDkDj4zubLeHDEb35b4kkPeEv5imbh+RJxK/Pg==
    dependencies:
      cookie "^0.5.0"
      process-warning "^2.0.0"
      set-cookie-parser "^2.4.1"
  
  lodash@^4.17.20:
    version "4.17.21"
    resolved "https://registry.yarnpkg.com/lodash/-/lodash-4.17.21.tgz#679591c564c3bffaae8454cf0b3df370c3d6911c"
    integrity sha512-v2kDEe57lecTulaDIuNTPy3Ry4gLGJ6Z1O3vE1krgXZNrsQ+LFTGHVxVjcXPs17LhbZVGedAJv8XZ1tvj5FvSg==
  
  loglevel@^1.8.1:
    version "1.8.1"
    resolved "https://registry.yarnpkg.com/loglevel/-/loglevel-1.8.1.tgz#5c621f83d5b48c54ae93b6156353f555963377b4"
    integrity sha512-tCRIJM51SHjAayKwC+QAg8hT8vg6z7GSgLJKGvzuPb1Wc+hLzqtuVLxp6/HzSPOozuK+8ErAhy7U/sVzw8Dgfg==
  
  lru-cache@^6.0.0:
    version "6.0.0"
    resolved "https://registry.yarnpkg.com/lru-cache/-/lru-cache-6.0.0.tgz#6d6fe6570ebd96aaf90fcad1dafa3b2566db3a94"
    integrity sha512-Jo6dJ04CmSjuznwJSS3pUeWmd/H0ffTlkXXgwZi+eq1UCmqQwCh+eLsYOYCwY991i2Fah4h1BEMCx4qThGbsiA==
    dependencies:
      yallist "^4.0.0"
  
  memory-pager@^1.0.2:
    version "1.5.0"
    resolved "https://registry.yarnpkg.com/memory-pager/-/memory-pager-1.5.0.tgz#d8751655d22d384682741c972f2c3d6dfa3e66b5"
    integrity sha512-ZS4Bp4r/Zoeq6+NLJpP+0Zzm0pR8whtGPf1XExKLJBAczGMnSi3It14OiNCStjQjM6NU1okjQGSxgEZN8eBYKg==
  
  mongodb-connection-string-url@^2.5.4:
    version "2.6.0"
    resolved "https://registry.yarnpkg.com/mongodb-connection-string-url/-/mongodb-connection-string-url-2.6.0.tgz#57901bf352372abdde812c81be47b75c6b2ec5cf"
    integrity sha512-WvTZlI9ab0QYtTYnuMLgobULWhokRjtC7db9LtcVfJ+Hsnyr5eo6ZtNAt3Ly24XZScGMelOcGtm7lSn0332tPQ==
    dependencies:
      "@types/whatwg-url" "^8.2.1"
      whatwg-url "^11.0.0"
  
  mongodb@4.12.1:
    version "4.12.1"
    resolved "https://registry.yarnpkg.com/mongodb/-/mongodb-4.12.1.tgz#224eb39b8784af835b515aa687c6010cecaabb1a"
    integrity sha512-koT87tecZmxPKtxRQD8hCKfn+ockEL2xBiUvx3isQGI6mFmagWt4f4AyCE9J4sKepnLhMacoCTQQA6SLAI2L6w==
    dependencies:
      bson "^4.7.0"
      mongodb-connection-string-url "^2.5.4"
      socks "^2.7.1"
    optionalDependencies:
      "@aws-sdk/credential-providers" "^3.186.0"
      saslprep "^1.0.3"
  
  mongoose@^6.8.4:
    version "6.8.4"
    resolved "https://registry.yarnpkg.com/mongoose/-/mongoose-6.8.4.tgz#f27ec3eca6df3ebb2df1f43623f4cd88744ca9a8"
    integrity sha512-19Jk2hbSAPcM4u6ErW0UPwaSO2YfP/cXfBS9YEiNgNzZfXd+jkyemqJ+t2aflaicXeU4VdTP33pZYxqjk2hUYw==
    dependencies:
      bson "^4.7.0"
      kareem "2.5.1"
      mongodb "4.12.1"
      mpath "0.9.0"
      mquery "4.0.3"
      ms "2.1.3"
      sift "16.0.1"
  
  mpath@0.9.0:
    version "0.9.0"
    resolved "https://registry.yarnpkg.com/mpath/-/mpath-0.9.0.tgz#0c122fe107846e31fc58c75b09c35514b3871904"
    integrity sha512-ikJRQTk8hw5DEoFVxHG1Gn9T/xcjtdnOKIU1JTmGjZZlg9LST2mBLmcX3/ICIbgJydT2GOc15RnNy5mHmzfSew==
  
  mquery@4.0.3:
    version "4.0.3"
    resolved "https://registry.yarnpkg.com/mquery/-/mquery-4.0.3.tgz#4d15f938e6247d773a942c912d9748bd1965f89d"
    integrity sha512-J5heI+P08I6VJ2Ky3+33IpCdAvlYGTSUjwTPxkAr8i8EoduPMBX2OY/wa3IKZIQl7MU4SbFk8ndgSKyB/cl1zA==
    dependencies:
      debug "4.x"
  
  ms@2.1.2:
    version "2.1.2"
    resolved "https://registry.yarnpkg.com/ms/-/ms-2.1.2.tgz#d09d1f357b443f493382a8eb3ccd183872ae6009"
    integrity sha512-sGkPx+VjMtmA6MX27oA4FBFELFCZZ4S4XqeGOXCv68tT+jb3vk/RyaKWP0PTKyWtmLSM0b+adUTEvbs1PEaH2w==
  
  ms@2.1.3:
    version "2.1.3"
    resolved "https://registry.yarnpkg.com/ms/-/ms-2.1.3.tgz#574c8138ce1d2b5861f0b44579dbadd60c6615b2"
    integrity sha512-6FlzubTLZG3J2a/NVCAleEhjzq5oxgHyaCU9yYXvcLsvoVaHJq/s5xXI6/XXP6tz7R9xAOtHnSO/tXtF3WRTlA==
  
  nanoid@3.3.4:
    version "3.3.4"
    resolved "https://registry.yarnpkg.com/nanoid/-/nanoid-3.3.4.tgz#730b67e3cd09e2deacf03c027c81c9d9dbc5e8ab"
    integrity sha512-MqBkQh/OHTS2egovRtLk45wEyNXwF+cokD+1YPf9u5VfJiRdAiRwB2froX5Co9Rh20xs4siNPm8naNotSD6RBw==
  
  on-exit-leak-free@^2.1.0:
    version "2.1.0"
    resolved "https://registry.yarnpkg.com/on-exit-leak-free/-/on-exit-leak-free-2.1.0.tgz#5c703c968f7e7f851885f6459bf8a8a57edc9cc4"
    integrity sha512-VuCaZZAjReZ3vUwgOB8LxAosIurDiAW0s13rI1YwmaP++jvcxP77AWoQvenZebpCA2m8WC1/EosPYPMjnRAp/w==
  
  openapi-types@^12.0.0:
    version "12.1.0"
    resolved "https://registry.yarnpkg.com/openapi-types/-/openapi-types-12.1.0.tgz#bd01acc937b73c9f6db2ac2031bf0231e21ebff0"
    integrity sha512-XpeCy01X6L5EpP+6Hc3jWN7rMZJ+/k1lwki/kTmWzbVhdPie3jd5O2ZtedEx8Yp58icJ0osVldLMrTB/zslQXA==
  
  pino-abstract-transport@v1.0.0:
    version "1.0.0"
    resolved "https://registry.yarnpkg.com/pino-abstract-transport/-/pino-abstract-transport-1.0.0.tgz#cc0d6955fffcadb91b7b49ef220a6cc111d48bb3"
    integrity sha512-c7vo5OpW4wIS42hUVcT5REsL8ZljsUfBjqV/e2sFxmFEFZiq1XLUp5EYLtuDH6PEHq9W1egWqRbnLUP5FuZmOA==
    dependencies:
      readable-stream "^4.0.0"
      split2 "^4.0.0"
  
  pino-std-serializers@^6.0.0:
    version "6.1.0"
    resolved "https://registry.yarnpkg.com/pino-std-serializers/-/pino-std-serializers-6.1.0.tgz#307490fd426eefc95e06067e85d8558603e8e844"
    integrity sha512-KO0m2f1HkrPe9S0ldjx7za9BJjeHqBku5Ch8JyxETxT8dEFGz1PwgrHaOQupVYitpzbFSYm7nnljxD8dik2c+g==
  
  pino@^8.5.0:
    version "8.8.0"
    resolved "https://registry.yarnpkg.com/pino/-/pino-8.8.0.tgz#1f0d6695a224aa06afc7ad60f2ccc4772d3b9233"
    integrity sha512-cF8iGYeu2ODg2gIwgAHcPrtR63ILJz3f7gkogaHC/TXVVXxZgInmNYiIpDYEwgEkxZti2Se6P2W2DxlBIZe6eQ==
    dependencies:
      atomic-sleep "^1.0.0"
      fast-redact "^3.1.1"
      on-exit-leak-free "^2.1.0"
      pino-abstract-transport v1.0.0
      pino-std-serializers "^6.0.0"
      process-warning "^2.0.0"
      quick-format-unescaped "^4.0.3"
      real-require "^0.2.0"
      safe-stable-stringify "^2.3.1"
      sonic-boom "^3.1.0"
      thread-stream "^2.0.0"
  
  process-warning@^2.0.0:
    version "2.1.0"
    resolved "https://registry.yarnpkg.com/process-warning/-/process-warning-2.1.0.tgz#1e60e3bfe8183033bbc1e702c2da74f099422d1a"
    integrity sha512-9C20RLxrZU/rFnxWncDkuF6O999NdIf3E1ws4B0ZeY3sRVPzWBMsYDE2lxjxhiXxg464cQTgKUGm8/i6y2YGXg==
  
  process@^0.11.10:
    version "0.11.10"
    resolved "https://registry.yarnpkg.com/process/-/process-0.11.10.tgz#7332300e840161bda3e69a1d1d91a7d4bc16f182"
    integrity sha512-cdGef/drWFoydD1JsMzuFf8100nZl+GT+yacc2bEced5f9Rjk4z+WtFUTBu9PhOi9j/jfmBPu0mMEY4wIdAF8A==
  
  proxy-addr@^2.0.7:
    version "2.0.7"
    resolved "https://registry.yarnpkg.com/proxy-addr/-/proxy-addr-2.0.7.tgz#f19fe69ceab311eeb94b42e70e8c2070f9ba1025"
    integrity sha512-llQsMLSUDUPT44jdrU/O37qlnifitDP+ZwrmmZcoSKyLKvtZxpyV0n2/bD/N4tBAAZ/gJEdZU7KMraoK1+XYAg==
    dependencies:
      forwarded "0.2.0"
      ipaddr.js "1.9.1"
  
  punycode@^2.1.0, punycode@^2.1.1:
    version "2.3.0"
    resolved "https://registry.yarnpkg.com/punycode/-/punycode-2.3.0.tgz#f67fa67c94da8f4d0cfff981aee4118064199b8f"
    integrity sha512-rRV+zQD8tVFys26lAGR9WUuS4iUAngJScM+ZRSKtvl5tKeZ2t5bvdNFdNHBW9FWR4guGHlgmsZ1G7BSm2wTbuA==
  
  quick-format-unescaped@^4.0.3:
    version "4.0.4"
    resolved "https://registry.yarnpkg.com/quick-format-unescaped/-/quick-format-unescaped-4.0.4.tgz#93ef6dd8d3453cbc7970dd614fad4c5954d6b5a7"
    integrity sha512-tYC1Q1hgyRuHgloV/YXs2w15unPVh8qfu/qCTfhTYamaw7fyhumKa2yGpdSo87vY32rIclj+4fWYQXUMs9EHvg==
  
  readable-stream@^4.0.0:
    version "4.3.0"
    resolved "https://registry.yarnpkg.com/readable-stream/-/readable-stream-4.3.0.tgz#0914d0c72db03b316c9733bb3461d64a3cc50cba"
    integrity sha512-MuEnA0lbSi7JS8XM+WNJlWZkHAAdm7gETHdFK//Q/mChGyj2akEFtdLZh32jSdkWGbRwCW9pn6g3LWDdDeZnBQ==
    dependencies:
      abort-controller "^3.0.0"
      buffer "^6.0.3"
      events "^3.3.0"
      process "^0.11.10"
  
  real-require@^0.2.0:
    version "0.2.0"
    resolved "https://registry.yarnpkg.com/real-require/-/real-require-0.2.0.tgz#209632dea1810be2ae063a6ac084fee7e33fba78"
    integrity sha512-57frrGM/OCTLqLOAh0mhVA9VBMHd+9U7Zb2THMGdBUoZVOtGbJzjxsYGDJ3A9AYYCP4hn6y1TVbaOfzWtm5GFg==
  
  reflect-metadata@^0.1.13:
    version "0.1.13"
    resolved "https://registry.yarnpkg.com/reflect-metadata/-/reflect-metadata-0.1.13.tgz#67ae3ca57c972a2aa1642b10fe363fe32d49dc08"
    integrity sha512-Ts1Y/anZELhSsjMcU605fU9RE4Oi3p5ORujwbIKXfWa+0Zxs510Qrmrce5/Jowq3cHSZSJqBjypxmHarc+vEWg==
  
  require-from-string@^2.0.2:
    version "2.0.2"
    resolved "https://registry.yarnpkg.com/require-from-string/-/require-from-string-2.0.2.tgz#89a7fdd938261267318eafe14f9c32e598c36909"
    integrity sha512-Xf0nWe6RseziFMu+Ap9biiUbmplq6S9/p+7w7YXP/JBHhrUDDUhwa+vANyubuqfZWTveU//DYVGsDG7RKL/vEw==
  
  ret@~0.2.0:
    version "0.2.2"
    resolved "https://registry.yarnpkg.com/ret/-/ret-0.2.2.tgz#b6861782a1f4762dce43402a71eb7a283f44573c"
    integrity sha512-M0b3YWQs7R3Z917WRQy1HHA7Ba7D8hvZg6UE5mLykJxQVE2ju0IXbGlaHPPlkY+WN7wFP+wUMXmBFA0aV6vYGQ==
  
  reusify@^1.0.4:
    version "1.0.4"
    resolved "https://registry.yarnpkg.com/reusify/-/reusify-1.0.4.tgz#90da382b1e126efc02146e90845a88db12925d76"
    integrity sha512-U9nH88a3fc/ekCF1l0/UP1IosiuIjyTh7hBvXVMHYgVcfGvt897Xguj2UOLDeI5BG2m7/uwyaLVT6fbtCwTyzw==
  
  rfdc@^1.1.4, rfdc@^1.2.0, rfdc@^1.3.0:
    version "1.3.0"
    resolved "https://registry.yarnpkg.com/rfdc/-/rfdc-1.3.0.tgz#d0b7c441ab2720d05dc4cf26e01c89631d9da08b"
    integrity sha512-V2hovdzFbOi77/WajaSMXk2OLm+xNIeQdMMuB7icj7bk6zi2F8GGAxigcnDFpJHbNyNcgyJDiP+8nOrY5cZGrA==
  
  safe-regex2@^2.0.0:
    version "2.0.0"
    resolved "https://registry.yarnpkg.com/safe-regex2/-/safe-regex2-2.0.0.tgz#b287524c397c7a2994470367e0185e1916b1f5b9"
    integrity sha512-PaUSFsUaNNuKwkBijoAPHAK6/eM6VirvyPWlZ7BAQy4D+hCvh4B6lIG+nPdhbFfIbP+gTGBcrdsOaUs0F+ZBOQ==
    dependencies:
      ret "~0.2.0"
  
  safe-stable-stringify@^2.3.1:
    version "2.4.2"
    resolved "https://registry.yarnpkg.com/safe-stable-stringify/-/safe-stable-stringify-2.4.2.tgz#ec7b037768098bf65310d1d64370de0dc02353aa"
    integrity sha512-gMxvPJYhP0O9n2pvcfYfIuYgbledAOJFcqRThtPRmjscaipiwcwPPKLytpVzMkG2HAN87Qmo2d4PtGiri1dSLA==
  
  saslprep@^1.0.3:
    version "1.0.3"
    resolved "https://registry.yarnpkg.com/saslprep/-/saslprep-1.0.3.tgz#4c02f946b56cf54297e347ba1093e7acac4cf226"
    integrity sha512-/MY/PEMbk2SuY5sScONwhUDsV2p77Znkb/q3nSVstq/yQzYJOH/Azh29p9oJLsl3LnQwSvZDKagDGBsBwSooag==
    dependencies:
      sparse-bitfield "^3.0.3"
  
  secure-json-parse@^2.5.0:
    version "2.7.0"
    resolved "https://registry.yarnpkg.com/secure-json-parse/-/secure-json-parse-2.7.0.tgz#5a5f9cd6ae47df23dba3151edd06855d47e09862"
    integrity sha512-6aU+Rwsezw7VR8/nyvKTx8QpWH9FrcYiXXlqC4z5d5XQBDRqtbfsRjnwGyqbi3gddNtWHuEk9OANUotL26qKUw==
  
  semver@^7.3.7, semver@^7.3.8:
    version "7.3.8"
    resolved "https://registry.yarnpkg.com/semver/-/semver-7.3.8.tgz#07a78feafb3f7b32347d725e33de7e2a2df67798"
    integrity sha512-NB1ctGL5rlHrPJtFDVIVzTyQylMLu9N9VICA6HSFJo8MCGVTMW6gfpicwKmmK/dAjTOrqu5l63JJOpDSrAis3A==
    dependencies:
      lru-cache "^6.0.0"
  
  set-cookie-parser@^2.4.1:
    version "2.5.1"
    resolved "https://registry.yarnpkg.com/set-cookie-parser/-/set-cookie-parser-2.5.1.tgz#ddd3e9a566b0e8e0862aca974a6ac0e01349430b"
    integrity sha512-1jeBGaKNGdEq4FgIrORu/N570dwoPYio8lSoYLWmX7sQ//0JY08Xh9o5pBcgmHQ/MbsYp/aZnOe1s1lIsbLprQ==
  
  sift@16.0.1:
    version "16.0.1"
    resolved "https://registry.yarnpkg.com/sift/-/sift-16.0.1.tgz#e9c2ccc72191585008cf3e36fc447b2d2633a053"
    integrity sha512-Wv6BjQ5zbhW7VFefWusVP33T/EM0vYikCaQ2qR8yULbsilAT8/wQaXvuQ3ptGLpoKx+lihJE3y2UTgKDyyNHZQ==
  
  smart-buffer@^4.2.0:
    version "4.2.0"
    resolved "https://registry.yarnpkg.com/smart-buffer/-/smart-buffer-4.2.0.tgz#6e1d71fa4f18c05f7d0ff216dd16a481d0e8d9ae"
    integrity sha512-94hK0Hh8rPqQl2xXc3HsaBoOXKV20MToPkcXvwbISWLEs+64sBq5kFgn2kJDHb1Pry9yrP0dxrCI9RRci7RXKg==
  
  socks@^2.7.1:
    version "2.7.1"
    resolved "https://registry.yarnpkg.com/socks/-/socks-2.7.1.tgz#d8e651247178fde79c0663043e07240196857d55"
    integrity sha512-7maUZy1N7uo6+WVEX6psASxtNlKaNVMlGQKkG/63nEDdLOWNbiUMoLK7X4uYoLhQstau72mLgfEWcXcwsaHbYQ==
    dependencies:
      ip "^2.0.0"
      smart-buffer "^4.2.0"
  
  sonic-boom@^3.1.0:
    version "3.2.1"
    resolved "https://registry.yarnpkg.com/sonic-boom/-/sonic-boom-3.2.1.tgz#972ceab831b5840a08a002fa95a672008bda1c38"
    integrity sha512-iITeTHxy3B9FGu8aVdiDXUVAcHMF9Ss0cCsAOo2HfCrmVGT3/DT5oYaeu0M/YKZDlKTvChEyPq0zI9Hf33EX6A==
    dependencies:
      atomic-sleep "^1.0.0"
  
  sparse-bitfield@^3.0.3:
    version "3.0.3"
    resolved "https://registry.yarnpkg.com/sparse-bitfield/-/sparse-bitfield-3.0.3.tgz#ff4ae6e68656056ba4b3e792ab3334d38273ca11"
    integrity sha512-kvzhi7vqKTfkh0PZU+2D2PIllw2ymqJKujUcyPMd9Y75Nv4nPbGJZXNhxsgdQab2BmlDct1YnfQCguEvHr7VsQ==
    dependencies:
      memory-pager "^1.0.2"
  
  split2@^4.0.0:
    version "4.1.0"
    resolved "https://registry.yarnpkg.com/split2/-/split2-4.1.0.tgz#101907a24370f85bb782f08adaabe4e281ecf809"
    integrity sha512-VBiJxFkxiXRlUIeyMQi8s4hgvKCSjtknJv/LVYbrgALPwf5zSKmEwV9Lst25AkvMDnvxODugjdl6KZgwKM1WYQ==
  
  strnum@^1.0.5:
    version "1.0.5"
    resolved "https://registry.yarnpkg.com/strnum/-/strnum-1.0.5.tgz#5c4e829fe15ad4ff0d20c3db5ac97b73c9b072db"
    integrity sha512-J8bbNyKKXl5qYcR36TIO8W3mVGVHrmmxsd5PAItGkmyzwJvybiw2IVq5nqd0i4LSNSkB/sx9VHllbfFdr9k1JA==
  
  thread-stream@^2.0.0:
    version "2.3.0"
    resolved "https://registry.yarnpkg.com/thread-stream/-/thread-stream-2.3.0.tgz#4fc07fb39eff32ae7bad803cb7dd9598349fed33"
    integrity sha512-kaDqm1DET9pp3NXwR8382WHbnpXnRkN9xGN9dQt3B2+dmXiW8X1SOwmFOxAErEQ47ObhZ96J6yhZNXuyCOL7KA==
    dependencies:
      real-require "^0.2.0"
  
  tiny-lru@^10.0.0:
    version "10.0.1"
    resolved "https://registry.yarnpkg.com/tiny-lru/-/tiny-lru-10.0.1.tgz#aaf5d22207e641ed1b176ac2e616d6cc2fc9ef66"
    integrity sha512-Vst+6kEsWvb17Zpz14sRJV/f8bUWKhqm6Dc+v08iShmIJ/WxqWytHzCTd6m88pS33rE2zpX34TRmOpAJPloNCA==
  
  tr46@^3.0.0:
    version "3.0.0"
    resolved "https://registry.yarnpkg.com/tr46/-/tr46-3.0.0.tgz#555c4e297a950617e8eeddef633c87d4d9d6cbf9"
    integrity sha512-l7FvfAHlcmulp8kr+flpQZmVwtu7nfRV7NZujtN0OqES8EL4O4e0qqzL0DC5gAvx/ZC/9lk6rhcUwYvkBnBnYA==
    dependencies:
      punycode "^2.1.1"
  
  tslib@^1.11.1:
    version "1.14.1"
    resolved "https://registry.yarnpkg.com/tslib/-/tslib-1.14.1.tgz#cf2d38bdc34a134bcaf1091c41f6619e2f672d00"
    integrity sha512-Xni35NKzjgMrwevysHTCArtLDpPvye8zV/0E4EyYn43P7/7qvQwPh9BGkHewbMulVntbigmcT7rdX3BNo9wRJg==
  
  tslib@^2.3.1, tslib@^2.4.1:
    version "2.4.1"
    resolved "https://registry.yarnpkg.com/tslib/-/tslib-2.4.1.tgz#0d0bfbaac2880b91e22df0768e55be9753a5b17e"
    integrity sha512-tGyy4dAjRIEwI7BzsB0lynWgOpfqjUdq91XXAlIWD2OwKBH7oCl/GZG/HT4BOHrTlPMOASlMQ7veyTqpmRcrNA==
  
  uri-js@^4.2.2:
    version "4.4.1"
    resolved "https://registry.yarnpkg.com/uri-js/-/uri-js-4.4.1.tgz#9b1a52595225859e55f669d928f88c6c57f2a77e"
    integrity sha512-7rKUyy33Q1yc98pQ1DAmLtwX109F7TIfWlW1Ydo8Wl1ii1SeHieeh0HHfPeL2fMXK6z0s8ecKs9frCuLJvndBg==
    dependencies:
      punycode "^2.1.0"
  
  uuid@^8.3.2:
    version "8.3.2"
    resolved "https://registry.yarnpkg.com/uuid/-/uuid-8.3.2.tgz#80d5b5ced271bb9af6c445f21a1a04c606cefbe2"
    integrity sha512-+NYs2QeMWy+GWFOEm9xnn6HCDp0l7QBD7ml8zLUmJ+93Q5NF0NocErnwkTkXVFNiX3/fpC6afS8Dhb/gz7R7eg==
  
  webidl-conversions@^7.0.0:
    version "7.0.0"
    resolved "https://registry.yarnpkg.com/webidl-conversions/-/webidl-conversions-7.0.0.tgz#256b4e1882be7debbf01d05f0aa2039778ea080a"
    integrity sha512-VwddBukDzu71offAQR975unBIGqfKZpM+8ZX6ySk8nYhVoo5CYaZyzt3YBvYtRtO+aoGlqxPg/B87NGVZ/fu6g==
  
  whatwg-url@^11.0.0:
    version "11.0.0"
    resolved "https://registry.yarnpkg.com/whatwg-url/-/whatwg-url-11.0.0.tgz#0a849eebb5faf2119b901bb76fd795c2848d4018"
    integrity sha512-RKT8HExMpoYx4igMiVMY83lN6UeITKJlBQ+vR/8ZJ8OCdSiN3RwCq+9gH0+Xzj0+5IrM6i4j/6LuvzbZIQgEcQ==
    dependencies:
      tr46 "^3.0.0"
      webidl-conversions "^7.0.0"
  
  yallist@^4.0.0:
    version "4.0.0"
    resolved "https://registry.yarnpkg.com/yallist/-/yallist-4.0.0.tgz#9bb92790d9c0effec63be73519e11a35019a3a72"
    integrity sha512-3wdGidZyq5PB084XLES5TpOSRA3wjXAlIWMhum2kRcv/41Sn2emQ0dycQW4uZXLejwKvg6EsvbdlVL+FYEct7A==
  
  yaml@^2.1.1:
    version "2.2.1"
    resolved "https://registry.yarnpkg.com/yaml/-/yaml-2.2.1.tgz#3014bf0482dcd15147aa8e56109ce8632cd60ce4"
    integrity sha512-e0WHiYql7+9wr4cWMx3TVQrNwejKaEe7/rHNmQmqRjazfOP5W8PB6Jpebb5o6fIapbz9o9+2ipcaTM2ZwDI6lw==
